ERROR - 2025-07-05 02:39:57 --> Error connecting to the database: mysqli_sql_exception: A socket operation was attempted to an unreachable host in C:\xampp\htdocs\rssstumpang.com\system\Database\MySQLi\Connection.php:201
Stack trace:
#0 C:\xampp\htdocs\rssstumpang.com\system\Database\MySQLi\Connection.php(201): mysqli->real_connect('172.12.12.50', 'rsss-remotedb', Object(SensitiveParameterValue), 'rsss_db', 3306, '', 0)
#1 C:\xampp\htdocs\rssstumpang.com\system\Database\BaseConnection.php(419): CodeIgniter\Database\MySQLi\Connection->connect(false)
#2 C:\xampp\htdocs\rssstumpang.com\system\Database\BaseConnection.php(614): CodeIgniter\Database\BaseConnection->initialize()
#3 C:\xampp\htdocs\rssstumpang.com\system\Database\BaseBuilder.php(1649): CodeIgniter\Database\BaseConnection->query('SELECT *\nFROM `...', Array, false)
#4 C:\xampp\htdocs\rssstumpang.com\app\Controllers\Dashboard.php(46): CodeIgniter\Database\BaseBuilder->get()
#5 C:\xampp\htdocs\rssstumpang.com\app\Controllers\Dashboard.php(29): App\Controllers\Dashboard->getUserActivityStatus()
#6 C:\xampp\htdocs\rssstumpang.com\system\CodeIgniter.php(933): App\Controllers\Dashboard->userStatusJson()
#7 C:\xampp\htdocs\rssstumpang.com\system\CodeIgniter.php(507): CodeIgniter\CodeIgniter->runController(Object(App\Controllers\Dashboard))
#8 C:\xampp\htdocs\rssstumpang.com\system\CodeIgniter.php(354): CodeIgniter\CodeIgniter->handleRequest(NULL, Object(Config\Cache), false)
#9 C:\xampp\htdocs\rssstumpang.com\system\Boot.php(363): CodeIgniter\CodeIgniter->run()
#10 C:\xampp\htdocs\rssstumpang.com\system\Boot.php(68): CodeIgniter\Boot::runCodeIgniter(Object(CodeIgniter\CodeIgniter))
#11 C:\xampp\htdocs\rssstumpang.com\public\index.php(59): CodeIgniter\Boot::bootWeb(Object(Config\Paths))
#12 C:\xampp\htdocs\rssstumpang.com\system\rewrite.php(44): require_once('C:\\xampp\\htdocs...')
#13 {main}

Next CodeIgniter\Database\Exceptions\DatabaseException: A socket operation was attempted to an unreachable host in C:\xampp\htdocs\rssstumpang.com\system\Database\MySQLi\Connection.php:246
Stack trace:
#0 C:\xampp\htdocs\rssstumpang.com\system\Database\BaseConnection.php(419): CodeIgniter\Database\MySQLi\Connection->connect(false)
#1 C:\xampp\htdocs\rssstumpang.com\system\Database\BaseConnection.php(614): CodeIgniter\Database\BaseConnection->initialize()
#2 C:\xampp\htdocs\rssstumpang.com\system\Database\BaseBuilder.php(1649): CodeIgniter\Database\BaseConnection->query('SELECT *\nFROM `...', Array, false)
#3 C:\xampp\htdocs\rssstumpang.com\app\Controllers\Dashboard.php(46): CodeIgniter\Database\BaseBuilder->get()
#4 C:\xampp\htdocs\rssstumpang.com\app\Controllers\Dashboard.php(29): App\Controllers\Dashboard->getUserActivityStatus()
#5 C:\xampp\htdocs\rssstumpang.com\system\CodeIgniter.php(933): App\Controllers\Dashboard->userStatusJson()
#6 C:\xampp\htdocs\rssstumpang.com\system\CodeIgniter.php(507): CodeIgniter\CodeIgniter->runController(Object(App\Controllers\Dashboard))
#7 C:\xampp\htdocs\rssstumpang.com\system\CodeIgniter.php(354): CodeIgniter\CodeIgniter->handleRequest(NULL, Object(Config\Cache), false)
#8 C:\xampp\htdocs\rssstumpang.com\system\Boot.php(363): CodeIgniter\CodeIgniter->run()
#9 C:\xampp\htdocs\rssstumpang.com\system\Boot.php(68): CodeIgniter\Boot::runCodeIgniter(Object(CodeIgniter\CodeIgniter))
#10 C:\xampp\htdocs\rssstumpang.com\public\index.php(59): CodeIgniter\Boot::bootWeb(Object(Config\Paths))
#11 C:\xampp\htdocs\rssstumpang.com\system\rewrite.php(44): require_once('C:\\xampp\\htdocs...')
#12 {main}
CRITICAL - 2025-07-05 02:39:57 --> CodeIgniter\Database\Exceptions\DatabaseException: Unable to connect to the database.
Main connection [MySQLi]: A socket operation was attempted to an unreachable host
[Method: GET, Route: dashboard/user-status]
in SYSTEMPATH\Database\BaseConnection.php on line 465.
 1 SYSTEMPATH\Database\BaseConnection.php(614): CodeIgniter\Database\BaseConnection->initialize()
 2 SYSTEMPATH\Database\BaseBuilder.php(1649): CodeIgniter\Database\BaseConnection->query('SELECT *
FROM `users_login`', [], false)
 3 APPPATH\Controllers\Dashboard.php(46): CodeIgniter\Database\BaseBuilder->get()
 4 APPPATH\Controllers\Dashboard.php(29): App\Controllers\Dashboard->getUserActivityStatus()
 5 SYSTEMPATH\CodeIgniter.php(933): App\Controllers\Dashboard->userStatusJson()
 6 SYSTEMPATH\CodeIgniter.php(507): CodeIgniter\CodeIgniter->runController(Object(App\Controllers\Dashboard))
 7 SYSTEMPATH\CodeIgniter.php(354): CodeIgniter\CodeIgniter->handleRequest(null, Object(Config\Cache), false)
 8 SYSTEMPATH\Boot.php(363): CodeIgniter\CodeIgniter->run()
 9 SYSTEMPATH\Boot.php(68): CodeIgniter\Boot::runCodeIgniter(Object(CodeIgniter\CodeIgniter))
10 FCPATH\index.php(59): CodeIgniter\Boot::bootWeb(Object(Config\Paths))
11 SYSTEMPATH\rewrite.php(44): require_once('C:\\xampp\\htdocs\\rssstumpang.com\\public\\index.php')
ERROR - 2025-07-05 02:40:27 --> Error connecting to the database: mysqli_sql_exception: A socket operation was attempted to an unreachable host in C:\xampp\htdocs\rssstumpang.com\system\Database\MySQLi\Connection.php:201
Stack trace:
#0 C:\xampp\htdocs\rssstumpang.com\system\Database\MySQLi\Connection.php(201): mysqli->real_connect('172.12.12.50', 'rsss-remotedb', Object(SensitiveParameterValue), 'rsss_db', 3306, '', 0)
#1 C:\xampp\htdocs\rssstumpang.com\system\Database\BaseConnection.php(419): CodeIgniter\Database\MySQLi\Connection->connect(false)
#2 C:\xampp\htdocs\rssstumpang.com\system\Database\BaseConnection.php(614): CodeIgniter\Database\BaseConnection->initialize()
#3 C:\xampp\htdocs\rssstumpang.com\system\Database\BaseBuilder.php(1649): CodeIgniter\Database\BaseConnection->query('SELECT *\nFROM `...', Array, false)
#4 C:\xampp\htdocs\rssstumpang.com\app\Controllers\Dashboard.php(46): CodeIgniter\Database\BaseBuilder->get()
#5 C:\xampp\htdocs\rssstumpang.com\app\Controllers\Dashboard.php(29): App\Controllers\Dashboard->getUserActivityStatus()
#6 C:\xampp\htdocs\rssstumpang.com\system\CodeIgniter.php(933): App\Controllers\Dashboard->userStatusJson()
#7 C:\xampp\htdocs\rssstumpang.com\system\CodeIgniter.php(507): CodeIgniter\CodeIgniter->runController(Object(App\Controllers\Dashboard))
#8 C:\xampp\htdocs\rssstumpang.com\system\CodeIgniter.php(354): CodeIgniter\CodeIgniter->handleRequest(NULL, Object(Config\Cache), false)
#9 C:\xampp\htdocs\rssstumpang.com\system\Boot.php(363): CodeIgniter\CodeIgniter->run()
#10 C:\xampp\htdocs\rssstumpang.com\system\Boot.php(68): CodeIgniter\Boot::runCodeIgniter(Object(CodeIgniter\CodeIgniter))
#11 C:\xampp\htdocs\rssstumpang.com\public\index.php(59): CodeIgniter\Boot::bootWeb(Object(Config\Paths))
#12 C:\xampp\htdocs\rssstumpang.com\system\rewrite.php(44): require_once('C:\\xampp\\htdocs...')
#13 {main}

Next CodeIgniter\Database\Exceptions\DatabaseException: A socket operation was attempted to an unreachable host in C:\xampp\htdocs\rssstumpang.com\system\Database\MySQLi\Connection.php:246
Stack trace:
#0 C:\xampp\htdocs\rssstumpang.com\system\Database\BaseConnection.php(419): CodeIgniter\Database\MySQLi\Connection->connect(false)
#1 C:\xampp\htdocs\rssstumpang.com\system\Database\BaseConnection.php(614): CodeIgniter\Database\BaseConnection->initialize()
#2 C:\xampp\htdocs\rssstumpang.com\system\Database\BaseBuilder.php(1649): CodeIgniter\Database\BaseConnection->query('SELECT *\nFROM `...', Array, false)
#3 C:\xampp\htdocs\rssstumpang.com\app\Controllers\Dashboard.php(46): CodeIgniter\Database\BaseBuilder->get()
#4 C:\xampp\htdocs\rssstumpang.com\app\Controllers\Dashboard.php(29): App\Controllers\Dashboard->getUserActivityStatus()
#5 C:\xampp\htdocs\rssstumpang.com\system\CodeIgniter.php(933): App\Controllers\Dashboard->userStatusJson()
#6 C:\xampp\htdocs\rssstumpang.com\system\CodeIgniter.php(507): CodeIgniter\CodeIgniter->runController(Object(App\Controllers\Dashboard))
#7 C:\xampp\htdocs\rssstumpang.com\system\CodeIgniter.php(354): CodeIgniter\CodeIgniter->handleRequest(NULL, Object(Config\Cache), false)
#8 C:\xampp\htdocs\rssstumpang.com\system\Boot.php(363): CodeIgniter\CodeIgniter->run()
#9 C:\xampp\htdocs\rssstumpang.com\system\Boot.php(68): CodeIgniter\Boot::runCodeIgniter(Object(CodeIgniter\CodeIgniter))
#10 C:\xampp\htdocs\rssstumpang.com\public\index.php(59): CodeIgniter\Boot::bootWeb(Object(Config\Paths))
#11 C:\xampp\htdocs\rssstumpang.com\system\rewrite.php(44): require_once('C:\\xampp\\htdocs...')
#12 {main}
CRITICAL - 2025-07-05 02:40:27 --> CodeIgniter\Database\Exceptions\DatabaseException: Unable to connect to the database.
Main connection [MySQLi]: A socket operation was attempted to an unreachable host
[Method: GET, Route: dashboard/user-status]
in SYSTEMPATH\Database\BaseConnection.php on line 465.
 1 SYSTEMPATH\Database\BaseConnection.php(614): CodeIgniter\Database\BaseConnection->initialize()
 2 SYSTEMPATH\Database\BaseBuilder.php(1649): CodeIgniter\Database\BaseConnection->query('SELECT *
FROM `users_login`', [], false)
 3 APPPATH\Controllers\Dashboard.php(46): CodeIgniter\Database\BaseBuilder->get()
 4 APPPATH\Controllers\Dashboard.php(29): App\Controllers\Dashboard->getUserActivityStatus()
 5 SYSTEMPATH\CodeIgniter.php(933): App\Controllers\Dashboard->userStatusJson()
 6 SYSTEMPATH\CodeIgniter.php(507): CodeIgniter\CodeIgniter->runController(Object(App\Controllers\Dashboard))
 7 SYSTEMPATH\CodeIgniter.php(354): CodeIgniter\CodeIgniter->handleRequest(null, Object(Config\Cache), false)
 8 SYSTEMPATH\Boot.php(363): CodeIgniter\CodeIgniter->run()
 9 SYSTEMPATH\Boot.php(68): CodeIgniter\Boot::runCodeIgniter(Object(CodeIgniter\CodeIgniter))
10 FCPATH\index.php(59): CodeIgniter\Boot::bootWeb(Object(Config\Paths))
11 SYSTEMPATH\rewrite.php(44): require_once('C:\\xampp\\htdocs\\rssstumpang.com\\public\\index.php')
ERROR - 2025-07-05 02:40:57 --> Error connecting to the database: mysqli_sql_exception: A socket operation was attempted to an unreachable host in C:\xampp\htdocs\rssstumpang.com\system\Database\MySQLi\Connection.php:201
Stack trace:
#0 C:\xampp\htdocs\rssstumpang.com\system\Database\MySQLi\Connection.php(201): mysqli->real_connect('172.12.12.50', 'rsss-remotedb', Object(SensitiveParameterValue), 'rsss_db', 3306, '', 0)
#1 C:\xampp\htdocs\rssstumpang.com\system\Database\BaseConnection.php(419): CodeIgniter\Database\MySQLi\Connection->connect(false)
#2 C:\xampp\htdocs\rssstumpang.com\system\Database\BaseConnection.php(614): CodeIgniter\Database\BaseConnection->initialize()
#3 C:\xampp\htdocs\rssstumpang.com\system\Database\BaseBuilder.php(1649): CodeIgniter\Database\BaseConnection->query('SELECT *\nFROM `...', Array, false)
#4 C:\xampp\htdocs\rssstumpang.com\app\Controllers\Dashboard.php(46): CodeIgniter\Database\BaseBuilder->get()
#5 C:\xampp\htdocs\rssstumpang.com\app\Controllers\Dashboard.php(29): App\Controllers\Dashboard->getUserActivityStatus()
#6 C:\xampp\htdocs\rssstumpang.com\system\CodeIgniter.php(933): App\Controllers\Dashboard->userStatusJson()
#7 C:\xampp\htdocs\rssstumpang.com\system\CodeIgniter.php(507): CodeIgniter\CodeIgniter->runController(Object(App\Controllers\Dashboard))
#8 C:\xampp\htdocs\rssstumpang.com\system\CodeIgniter.php(354): CodeIgniter\CodeIgniter->handleRequest(NULL, Object(Config\Cache), false)
#9 C:\xampp\htdocs\rssstumpang.com\system\Boot.php(363): CodeIgniter\CodeIgniter->run()
#10 C:\xampp\htdocs\rssstumpang.com\system\Boot.php(68): CodeIgniter\Boot::runCodeIgniter(Object(CodeIgniter\CodeIgniter))
#11 C:\xampp\htdocs\rssstumpang.com\public\index.php(59): CodeIgniter\Boot::bootWeb(Object(Config\Paths))
#12 C:\xampp\htdocs\rssstumpang.com\system\rewrite.php(44): require_once('C:\\xampp\\htdocs...')
#13 {main}

Next CodeIgniter\Database\Exceptions\DatabaseException: A socket operation was attempted to an unreachable host in C:\xampp\htdocs\rssstumpang.com\system\Database\MySQLi\Connection.php:246
Stack trace:
#0 C:\xampp\htdocs\rssstumpang.com\system\Database\BaseConnection.php(419): CodeIgniter\Database\MySQLi\Connection->connect(false)
#1 C:\xampp\htdocs\rssstumpang.com\system\Database\BaseConnection.php(614): CodeIgniter\Database\BaseConnection->initialize()
#2 C:\xampp\htdocs\rssstumpang.com\system\Database\BaseBuilder.php(1649): CodeIgniter\Database\BaseConnection->query('SELECT *\nFROM `...', Array, false)
#3 C:\xampp\htdocs\rssstumpang.com\app\Controllers\Dashboard.php(46): CodeIgniter\Database\BaseBuilder->get()
#4 C:\xampp\htdocs\rssstumpang.com\app\Controllers\Dashboard.php(29): App\Controllers\Dashboard->getUserActivityStatus()
#5 C:\xampp\htdocs\rssstumpang.com\system\CodeIgniter.php(933): App\Controllers\Dashboard->userStatusJson()
#6 C:\xampp\htdocs\rssstumpang.com\system\CodeIgniter.php(507): CodeIgniter\CodeIgniter->runController(Object(App\Controllers\Dashboard))
#7 C:\xampp\htdocs\rssstumpang.com\system\CodeIgniter.php(354): CodeIgniter\CodeIgniter->handleRequest(NULL, Object(Config\Cache), false)
#8 C:\xampp\htdocs\rssstumpang.com\system\Boot.php(363): CodeIgniter\CodeIgniter->run()
#9 C:\xampp\htdocs\rssstumpang.com\system\Boot.php(68): CodeIgniter\Boot::runCodeIgniter(Object(CodeIgniter\CodeIgniter))
#10 C:\xampp\htdocs\rssstumpang.com\public\index.php(59): CodeIgniter\Boot::bootWeb(Object(Config\Paths))
#11 C:\xampp\htdocs\rssstumpang.com\system\rewrite.php(44): require_once('C:\\xampp\\htdocs...')
#12 {main}
CRITICAL - 2025-07-05 02:40:57 --> CodeIgniter\Database\Exceptions\DatabaseException: Unable to connect to the database.
Main connection [MySQLi]: A socket operation was attempted to an unreachable host
[Method: GET, Route: dashboard/user-status]
in SYSTEMPATH\Database\BaseConnection.php on line 465.
 1 SYSTEMPATH\Database\BaseConnection.php(614): CodeIgniter\Database\BaseConnection->initialize()
 2 SYSTEMPATH\Database\BaseBuilder.php(1649): CodeIgniter\Database\BaseConnection->query('SELECT *
FROM `users_login`', [], false)
 3 APPPATH\Controllers\Dashboard.php(46): CodeIgniter\Database\BaseBuilder->get()
 4 APPPATH\Controllers\Dashboard.php(29): App\Controllers\Dashboard->getUserActivityStatus()
 5 SYSTEMPATH\CodeIgniter.php(933): App\Controllers\Dashboard->userStatusJson()
 6 SYSTEMPATH\CodeIgniter.php(507): CodeIgniter\CodeIgniter->runController(Object(App\Controllers\Dashboard))
 7 SYSTEMPATH\CodeIgniter.php(354): CodeIgniter\CodeIgniter->handleRequest(null, Object(Config\Cache), false)
 8 SYSTEMPATH\Boot.php(363): CodeIgniter\CodeIgniter->run()
 9 SYSTEMPATH\Boot.php(68): CodeIgniter\Boot::runCodeIgniter(Object(CodeIgniter\CodeIgniter))
10 FCPATH\index.php(59): CodeIgniter\Boot::bootWeb(Object(Config\Paths))
11 SYSTEMPATH\rewrite.php(44): require_once('C:\\xampp\\htdocs\\rssstumpang.com\\public\\index.php')
ERROR - 2025-07-05 02:41:27 --> Error connecting to the database: mysqli_sql_exception: A socket operation was attempted to an unreachable host in C:\xampp\htdocs\rssstumpang.com\system\Database\MySQLi\Connection.php:201
Stack trace:
#0 C:\xampp\htdocs\rssstumpang.com\system\Database\MySQLi\Connection.php(201): mysqli->real_connect('172.12.12.50', 'rsss-remotedb', Object(SensitiveParameterValue), 'rsss_db', 3306, '', 0)
#1 C:\xampp\htdocs\rssstumpang.com\system\Database\BaseConnection.php(419): CodeIgniter\Database\MySQLi\Connection->connect(false)
#2 C:\xampp\htdocs\rssstumpang.com\system\Database\BaseConnection.php(614): CodeIgniter\Database\BaseConnection->initialize()
#3 C:\xampp\htdocs\rssstumpang.com\system\Database\BaseBuilder.php(1649): CodeIgniter\Database\BaseConnection->query('SELECT *\nFROM `...', Array, false)
#4 C:\xampp\htdocs\rssstumpang.com\app\Controllers\Dashboard.php(46): CodeIgniter\Database\BaseBuilder->get()
#5 C:\xampp\htdocs\rssstumpang.com\app\Controllers\Dashboard.php(29): App\Controllers\Dashboard->getUserActivityStatus()
#6 C:\xampp\htdocs\rssstumpang.com\system\CodeIgniter.php(933): App\Controllers\Dashboard->userStatusJson()
#7 C:\xampp\htdocs\rssstumpang.com\system\CodeIgniter.php(507): CodeIgniter\CodeIgniter->runController(Object(App\Controllers\Dashboard))
#8 C:\xampp\htdocs\rssstumpang.com\system\CodeIgniter.php(354): CodeIgniter\CodeIgniter->handleRequest(NULL, Object(Config\Cache), false)
#9 C:\xampp\htdocs\rssstumpang.com\system\Boot.php(363): CodeIgniter\CodeIgniter->run()
#10 C:\xampp\htdocs\rssstumpang.com\system\Boot.php(68): CodeIgniter\Boot::runCodeIgniter(Object(CodeIgniter\CodeIgniter))
#11 C:\xampp\htdocs\rssstumpang.com\public\index.php(59): CodeIgniter\Boot::bootWeb(Object(Config\Paths))
#12 C:\xampp\htdocs\rssstumpang.com\system\rewrite.php(44): require_once('C:\\xampp\\htdocs...')
#13 {main}

Next CodeIgniter\Database\Exceptions\DatabaseException: A socket operation was attempted to an unreachable host in C:\xampp\htdocs\rssstumpang.com\system\Database\MySQLi\Connection.php:246
Stack trace:
#0 C:\xampp\htdocs\rssstumpang.com\system\Database\BaseConnection.php(419): CodeIgniter\Database\MySQLi\Connection->connect(false)
#1 C:\xampp\htdocs\rssstumpang.com\system\Database\BaseConnection.php(614): CodeIgniter\Database\BaseConnection->initialize()
#2 C:\xampp\htdocs\rssstumpang.com\system\Database\BaseBuilder.php(1649): CodeIgniter\Database\BaseConnection->query('SELECT *\nFROM `...', Array, false)
#3 C:\xampp\htdocs\rssstumpang.com\app\Controllers\Dashboard.php(46): CodeIgniter\Database\BaseBuilder->get()
#4 C:\xampp\htdocs\rssstumpang.com\app\Controllers\Dashboard.php(29): App\Controllers\Dashboard->getUserActivityStatus()
#5 C:\xampp\htdocs\rssstumpang.com\system\CodeIgniter.php(933): App\Controllers\Dashboard->userStatusJson()
#6 C:\xampp\htdocs\rssstumpang.com\system\CodeIgniter.php(507): CodeIgniter\CodeIgniter->runController(Object(App\Controllers\Dashboard))
#7 C:\xampp\htdocs\rssstumpang.com\system\CodeIgniter.php(354): CodeIgniter\CodeIgniter->handleRequest(NULL, Object(Config\Cache), false)
#8 C:\xampp\htdocs\rssstumpang.com\system\Boot.php(363): CodeIgniter\CodeIgniter->run()
#9 C:\xampp\htdocs\rssstumpang.com\system\Boot.php(68): CodeIgniter\Boot::runCodeIgniter(Object(CodeIgniter\CodeIgniter))
#10 C:\xampp\htdocs\rssstumpang.com\public\index.php(59): CodeIgniter\Boot::bootWeb(Object(Config\Paths))
#11 C:\xampp\htdocs\rssstumpang.com\system\rewrite.php(44): require_once('C:\\xampp\\htdocs...')
#12 {main}
CRITICAL - 2025-07-05 02:41:27 --> CodeIgniter\Database\Exceptions\DatabaseException: Unable to connect to the database.
Main connection [MySQLi]: A socket operation was attempted to an unreachable host
[Method: GET, Route: dashboard/user-status]
in SYSTEMPATH\Database\BaseConnection.php on line 465.
 1 SYSTEMPATH\Database\BaseConnection.php(614): CodeIgniter\Database\BaseConnection->initialize()
 2 SYSTEMPATH\Database\BaseBuilder.php(1649): CodeIgniter\Database\BaseConnection->query('SELECT *
FROM `users_login`', [], false)
 3 APPPATH\Controllers\Dashboard.php(46): CodeIgniter\Database\BaseBuilder->get()
 4 APPPATH\Controllers\Dashboard.php(29): App\Controllers\Dashboard->getUserActivityStatus()
 5 SYSTEMPATH\CodeIgniter.php(933): App\Controllers\Dashboard->userStatusJson()
 6 SYSTEMPATH\CodeIgniter.php(507): CodeIgniter\CodeIgniter->runController(Object(App\Controllers\Dashboard))
 7 SYSTEMPATH\CodeIgniter.php(354): CodeIgniter\CodeIgniter->handleRequest(null, Object(Config\Cache), false)
 8 SYSTEMPATH\Boot.php(363): CodeIgniter\CodeIgniter->run()
 9 SYSTEMPATH\Boot.php(68): CodeIgniter\Boot::runCodeIgniter(Object(CodeIgniter\CodeIgniter))
10 FCPATH\index.php(59): CodeIgniter\Boot::bootWeb(Object(Config\Paths))
11 SYSTEMPATH\rewrite.php(44): require_once('C:\\xampp\\htdocs\\rssstumpang.com\\public\\index.php')
ERROR - 2025-07-05 02:42:07 --> Error connecting to the database: mysqli_sql_exception: A connection attempt failed because the connected party did not properly respond after a period of time, or established connection failed because connected host has failed to respond in C:\xampp\htdocs\rssstumpang.com\system\Database\MySQLi\Connection.php:201
Stack trace:
#0 C:\xampp\htdocs\rssstumpang.com\system\Database\MySQLi\Connection.php(201): mysqli->real_connect('172.12.12.50', 'rsss-remotedb', Object(SensitiveParameterValue), 'rsss_db', 3306, '', 0)
#1 C:\xampp\htdocs\rssstumpang.com\system\Database\BaseConnection.php(419): CodeIgniter\Database\MySQLi\Connection->connect(false)
#2 C:\xampp\htdocs\rssstumpang.com\system\Database\BaseConnection.php(614): CodeIgniter\Database\BaseConnection->initialize()
#3 C:\xampp\htdocs\rssstumpang.com\system\Database\BaseBuilder.php(1649): CodeIgniter\Database\BaseConnection->query('SELECT *\nFROM `...', Array, false)
#4 C:\xampp\htdocs\rssstumpang.com\app\Controllers\Dashboard.php(46): CodeIgniter\Database\BaseBuilder->get()
#5 C:\xampp\htdocs\rssstumpang.com\app\Controllers\Dashboard.php(29): App\Controllers\Dashboard->getUserActivityStatus()
#6 C:\xampp\htdocs\rssstumpang.com\system\CodeIgniter.php(933): App\Controllers\Dashboard->userStatusJson()
#7 C:\xampp\htdocs\rssstumpang.com\system\CodeIgniter.php(507): CodeIgniter\CodeIgniter->runController(Object(App\Controllers\Dashboard))
#8 C:\xampp\htdocs\rssstumpang.com\system\CodeIgniter.php(354): CodeIgniter\CodeIgniter->handleRequest(NULL, Object(Config\Cache), false)
#9 C:\xampp\htdocs\rssstumpang.com\system\Boot.php(363): CodeIgniter\CodeIgniter->run()
#10 C:\xampp\htdocs\rssstumpang.com\system\Boot.php(68): CodeIgniter\Boot::runCodeIgniter(Object(CodeIgniter\CodeIgniter))
#11 C:\xampp\htdocs\rssstumpang.com\public\index.php(59): CodeIgniter\Boot::bootWeb(Object(Config\Paths))
#12 C:\xampp\htdocs\rssstumpang.com\system\rewrite.php(44): require_once('C:\\xampp\\htdocs...')
#13 {main}

Next CodeIgniter\Database\Exceptions\DatabaseException: A connection attempt failed because the connected party did not properly respond after a period of time, or established connection failed because connected host has failed to respond in C:\xampp\htdocs\rssstumpang.com\system\Database\MySQLi\Connection.php:246
Stack trace:
#0 C:\xampp\htdocs\rssstumpang.com\system\Database\BaseConnection.php(419): CodeIgniter\Database\MySQLi\Connection->connect(false)
#1 C:\xampp\htdocs\rssstumpang.com\system\Database\BaseConnection.php(614): CodeIgniter\Database\BaseConnection->initialize()
#2 C:\xampp\htdocs\rssstumpang.com\system\Database\BaseBuilder.php(1649): CodeIgniter\Database\BaseConnection->query('SELECT *\nFROM `...', Array, false)
#3 C:\xampp\htdocs\rssstumpang.com\app\Controllers\Dashboard.php(46): CodeIgniter\Database\BaseBuilder->get()
#4 C:\xampp\htdocs\rssstumpang.com\app\Controllers\Dashboard.php(29): App\Controllers\Dashboard->getUserActivityStatus()
#5 C:\xampp\htdocs\rssstumpang.com\system\CodeIgniter.php(933): App\Controllers\Dashboard->userStatusJson()
#6 C:\xampp\htdocs\rssstumpang.com\system\CodeIgniter.php(507): CodeIgniter\CodeIgniter->runController(Object(App\Controllers\Dashboard))
#7 C:\xampp\htdocs\rssstumpang.com\system\CodeIgniter.php(354): CodeIgniter\CodeIgniter->handleRequest(NULL, Object(Config\Cache), false)
#8 C:\xampp\htdocs\rssstumpang.com\system\Boot.php(363): CodeIgniter\CodeIgniter->run()
#9 C:\xampp\htdocs\rssstumpang.com\system\Boot.php(68): CodeIgniter\Boot::runCodeIgniter(Object(CodeIgniter\CodeIgniter))
#10 C:\xampp\htdocs\rssstumpang.com\public\index.php(59): CodeIgniter\Boot::bootWeb(Object(Config\Paths))
#11 C:\xampp\htdocs\rssstumpang.com\system\rewrite.php(44): require_once('C:\\xampp\\htdocs...')
#12 {main}
CRITICAL - 2025-07-05 02:42:07 --> CodeIgniter\Database\Exceptions\DatabaseException: Unable to connect to the database.
Main connection [MySQLi]: A connection attempt failed because the connected party did not properly respond after a period of time, or established connection failed because connected host has failed to respond
[Method: GET, Route: dashboard/user-status]
in SYSTEMPATH\Database\BaseConnection.php on line 465.
 1 SYSTEMPATH\Database\BaseConnection.php(614): CodeIgniter\Database\BaseConnection->initialize()
 2 SYSTEMPATH\Database\BaseBuilder.php(1649): CodeIgniter\Database\BaseConnection->query('SELECT *
FROM `users_login`', [], false)
 3 APPPATH\Controllers\Dashboard.php(46): CodeIgniter\Database\BaseBuilder->get()
 4 APPPATH\Controllers\Dashboard.php(29): App\Controllers\Dashboard->getUserActivityStatus()
 5 SYSTEMPATH\CodeIgniter.php(933): App\Controllers\Dashboard->userStatusJson()
 6 SYSTEMPATH\CodeIgniter.php(507): CodeIgniter\CodeIgniter->runController(Object(App\Controllers\Dashboard))
 7 SYSTEMPATH\CodeIgniter.php(354): CodeIgniter\CodeIgniter->handleRequest(null, Object(Config\Cache), false)
 8 SYSTEMPATH\Boot.php(363): CodeIgniter\CodeIgniter->run()
 9 SYSTEMPATH\Boot.php(68): CodeIgniter\Boot::runCodeIgniter(Object(CodeIgniter\CodeIgniter))
10 FCPATH\index.php(59): CodeIgniter\Boot::bootWeb(Object(Config\Paths))
11 SYSTEMPATH\rewrite.php(44): require_once('C:\\xampp\\htdocs\\rssstumpang.com\\public\\index.php')
DEBUG - 2025-07-05 04:20:47 --> Session: Class initialized using 'CodeIgniter\Session\Handlers\FileHandler' driver.
DEBUG - 2025-07-05 04:20:47 --> Session: Class initialized using 'CodeIgniter\Session\Handlers\FileHandler' driver.
DEBUG - 2025-07-05 11:20:54 --> Session: Class initialized using 'CodeIgniter\Session\Handlers\FileHandler' driver.
DEBUG - 2025-07-05 04:20:54 --> Session: Class initialized using 'CodeIgniter\Session\Handlers\FileHandler' driver.
DEBUG - 2025-07-05 04:21:03 --> Session: Class initialized using 'CodeIgniter\Session\Handlers\FileHandler' driver.
DEBUG - 2025-07-05 04:30:30 --> Session: Class initialized using 'CodeIgniter\Session\Handlers\FileHandler' driver.
ERROR - 2025-07-05 04:32:30 --> Error connecting to the database: mysqli_sql_exception: A socket operation was attempted to an unreachable host in C:\xampp\htdocs\rssstumpang.com\system\Database\MySQLi\Connection.php:201
Stack trace:
#0 C:\xampp\htdocs\rssstumpang.com\system\Database\MySQLi\Connection.php(201): mysqli->real_connect('172.12.12.50', 'rsss-remotedb', Object(SensitiveParameterValue), 'rsss_db', 3306, '', 0)
#1 C:\xampp\htdocs\rssstumpang.com\system\Database\BaseConnection.php(419): CodeIgniter\Database\MySQLi\Connection->connect(false)
#2 C:\xampp\htdocs\rssstumpang.com\system\Database\BaseConnection.php(614): CodeIgniter\Database\BaseConnection->initialize()
#3 C:\xampp\htdocs\rssstumpang.com\system\Database\BaseBuilder.php(1649): CodeIgniter\Database\BaseConnection->query('SELECT *\nFROM `...', Array, false)
#4 C:\xampp\htdocs\rssstumpang.com\app\Controllers\Dashboard.php(46): CodeIgniter\Database\BaseBuilder->get()
#5 C:\xampp\htdocs\rssstumpang.com\app\Controllers\Dashboard.php(29): App\Controllers\Dashboard->getUserActivityStatus()
#6 C:\xampp\htdocs\rssstumpang.com\system\CodeIgniter.php(933): App\Controllers\Dashboard->userStatusJson()
#7 C:\xampp\htdocs\rssstumpang.com\system\CodeIgniter.php(507): CodeIgniter\CodeIgniter->runController(Object(App\Controllers\Dashboard))
#8 C:\xampp\htdocs\rssstumpang.com\system\CodeIgniter.php(354): CodeIgniter\CodeIgniter->handleRequest(NULL, Object(Config\Cache), false)
#9 C:\xampp\htdocs\rssstumpang.com\system\Boot.php(363): CodeIgniter\CodeIgniter->run()
#10 C:\xampp\htdocs\rssstumpang.com\system\Boot.php(68): CodeIgniter\Boot::runCodeIgniter(Object(CodeIgniter\CodeIgniter))
#11 C:\xampp\htdocs\rssstumpang.com\public\index.php(59): CodeIgniter\Boot::bootWeb(Object(Config\Paths))
#12 C:\xampp\htdocs\rssstumpang.com\system\rewrite.php(44): require_once('C:\\xampp\\htdocs...')
#13 {main}

Next CodeIgniter\Database\Exceptions\DatabaseException: A socket operation was attempted to an unreachable host in C:\xampp\htdocs\rssstumpang.com\system\Database\MySQLi\Connection.php:246
Stack trace:
#0 C:\xampp\htdocs\rssstumpang.com\system\Database\BaseConnection.php(419): CodeIgniter\Database\MySQLi\Connection->connect(false)
#1 C:\xampp\htdocs\rssstumpang.com\system\Database\BaseConnection.php(614): CodeIgniter\Database\BaseConnection->initialize()
#2 C:\xampp\htdocs\rssstumpang.com\system\Database\BaseBuilder.php(1649): CodeIgniter\Database\BaseConnection->query('SELECT *\nFROM `...', Array, false)
#3 C:\xampp\htdocs\rssstumpang.com\app\Controllers\Dashboard.php(46): CodeIgniter\Database\BaseBuilder->get()
#4 C:\xampp\htdocs\rssstumpang.com\app\Controllers\Dashboard.php(29): App\Controllers\Dashboard->getUserActivityStatus()
#5 C:\xampp\htdocs\rssstumpang.com\system\CodeIgniter.php(933): App\Controllers\Dashboard->userStatusJson()
#6 C:\xampp\htdocs\rssstumpang.com\system\CodeIgniter.php(507): CodeIgniter\CodeIgniter->runController(Object(App\Controllers\Dashboard))
#7 C:\xampp\htdocs\rssstumpang.com\system\CodeIgniter.php(354): CodeIgniter\CodeIgniter->handleRequest(NULL, Object(Config\Cache), false)
#8 C:\xampp\htdocs\rssstumpang.com\system\Boot.php(363): CodeIgniter\CodeIgniter->run()
#9 C:\xampp\htdocs\rssstumpang.com\system\Boot.php(68): CodeIgniter\Boot::runCodeIgniter(Object(CodeIgniter\CodeIgniter))
#10 C:\xampp\htdocs\rssstumpang.com\public\index.php(59): CodeIgniter\Boot::bootWeb(Object(Config\Paths))
#11 C:\xampp\htdocs\rssstumpang.com\system\rewrite.php(44): require_once('C:\\xampp\\htdocs...')
#12 {main}
CRITICAL - 2025-07-05 04:32:30 --> CodeIgniter\Database\Exceptions\DatabaseException: Unable to connect to the database.
Main connection [MySQLi]: A socket operation was attempted to an unreachable host
[Method: GET, Route: dashboard/user-status]
in SYSTEMPATH\Database\BaseConnection.php on line 465.
 1 SYSTEMPATH\Database\BaseConnection.php(614): CodeIgniter\Database\BaseConnection->initialize()
 2 SYSTEMPATH\Database\BaseBuilder.php(1649): CodeIgniter\Database\BaseConnection->query('SELECT *
FROM `users_login`', [], false)
 3 APPPATH\Controllers\Dashboard.php(46): CodeIgniter\Database\BaseBuilder->get()
 4 APPPATH\Controllers\Dashboard.php(29): App\Controllers\Dashboard->getUserActivityStatus()
 5 SYSTEMPATH\CodeIgniter.php(933): App\Controllers\Dashboard->userStatusJson()
 6 SYSTEMPATH\CodeIgniter.php(507): CodeIgniter\CodeIgniter->runController(Object(App\Controllers\Dashboard))
 7 SYSTEMPATH\CodeIgniter.php(354): CodeIgniter\CodeIgniter->handleRequest(null, Object(Config\Cache), false)
 8 SYSTEMPATH\Boot.php(363): CodeIgniter\CodeIgniter->run()
 9 SYSTEMPATH\Boot.php(68): CodeIgniter\Boot::runCodeIgniter(Object(CodeIgniter\CodeIgniter))
10 FCPATH\index.php(59): CodeIgniter\Boot::bootWeb(Object(Config\Paths))
11 SYSTEMPATH\rewrite.php(44): require_once('C:\\xampp\\htdocs\\rssstumpang.com\\public\\index.php')
ERROR - 2025-07-05 04:33:00 --> Error connecting to the database: mysqli_sql_exception: A socket operation was attempted to an unreachable host in C:\xampp\htdocs\rssstumpang.com\system\Database\MySQLi\Connection.php:201
Stack trace:
#0 C:\xampp\htdocs\rssstumpang.com\system\Database\MySQLi\Connection.php(201): mysqli->real_connect('172.12.12.50', 'rsss-remotedb', Object(SensitiveParameterValue), 'rsss_db', 3306, '', 0)
#1 C:\xampp\htdocs\rssstumpang.com\system\Database\BaseConnection.php(419): CodeIgniter\Database\MySQLi\Connection->connect(false)
#2 C:\xampp\htdocs\rssstumpang.com\system\Database\BaseConnection.php(614): CodeIgniter\Database\BaseConnection->initialize()
#3 C:\xampp\htdocs\rssstumpang.com\system\Database\BaseBuilder.php(1649): CodeIgniter\Database\BaseConnection->query('SELECT *\nFROM `...', Array, false)
#4 C:\xampp\htdocs\rssstumpang.com\app\Controllers\Dashboard.php(46): CodeIgniter\Database\BaseBuilder->get()
#5 C:\xampp\htdocs\rssstumpang.com\app\Controllers\Dashboard.php(29): App\Controllers\Dashboard->getUserActivityStatus()
#6 C:\xampp\htdocs\rssstumpang.com\system\CodeIgniter.php(933): App\Controllers\Dashboard->userStatusJson()
#7 C:\xampp\htdocs\rssstumpang.com\system\CodeIgniter.php(507): CodeIgniter\CodeIgniter->runController(Object(App\Controllers\Dashboard))
#8 C:\xampp\htdocs\rssstumpang.com\system\CodeIgniter.php(354): CodeIgniter\CodeIgniter->handleRequest(NULL, Object(Config\Cache), false)
#9 C:\xampp\htdocs\rssstumpang.com\system\Boot.php(363): CodeIgniter\CodeIgniter->run()
#10 C:\xampp\htdocs\rssstumpang.com\system\Boot.php(68): CodeIgniter\Boot::runCodeIgniter(Object(CodeIgniter\CodeIgniter))
#11 C:\xampp\htdocs\rssstumpang.com\public\index.php(59): CodeIgniter\Boot::bootWeb(Object(Config\Paths))
#12 C:\xampp\htdocs\rssstumpang.com\system\rewrite.php(44): require_once('C:\\xampp\\htdocs...')
#13 {main}

Next CodeIgniter\Database\Exceptions\DatabaseException: A socket operation was attempted to an unreachable host in C:\xampp\htdocs\rssstumpang.com\system\Database\MySQLi\Connection.php:246
Stack trace:
#0 C:\xampp\htdocs\rssstumpang.com\system\Database\BaseConnection.php(419): CodeIgniter\Database\MySQLi\Connection->connect(false)
#1 C:\xampp\htdocs\rssstumpang.com\system\Database\BaseConnection.php(614): CodeIgniter\Database\BaseConnection->initialize()
#2 C:\xampp\htdocs\rssstumpang.com\system\Database\BaseBuilder.php(1649): CodeIgniter\Database\BaseConnection->query('SELECT *\nFROM `...', Array, false)
#3 C:\xampp\htdocs\rssstumpang.com\app\Controllers\Dashboard.php(46): CodeIgniter\Database\BaseBuilder->get()
#4 C:\xampp\htdocs\rssstumpang.com\app\Controllers\Dashboard.php(29): App\Controllers\Dashboard->getUserActivityStatus()
#5 C:\xampp\htdocs\rssstumpang.com\system\CodeIgniter.php(933): App\Controllers\Dashboard->userStatusJson()
#6 C:\xampp\htdocs\rssstumpang.com\system\CodeIgniter.php(507): CodeIgniter\CodeIgniter->runController(Object(App\Controllers\Dashboard))
#7 C:\xampp\htdocs\rssstumpang.com\system\CodeIgniter.php(354): CodeIgniter\CodeIgniter->handleRequest(NULL, Object(Config\Cache), false)
#8 C:\xampp\htdocs\rssstumpang.com\system\Boot.php(363): CodeIgniter\CodeIgniter->run()
#9 C:\xampp\htdocs\rssstumpang.com\system\Boot.php(68): CodeIgniter\Boot::runCodeIgniter(Object(CodeIgniter\CodeIgniter))
#10 C:\xampp\htdocs\rssstumpang.com\public\index.php(59): CodeIgniter\Boot::bootWeb(Object(Config\Paths))
#11 C:\xampp\htdocs\rssstumpang.com\system\rewrite.php(44): require_once('C:\\xampp\\htdocs...')
#12 {main}
CRITICAL - 2025-07-05 04:33:00 --> CodeIgniter\Database\Exceptions\DatabaseException: Unable to connect to the database.
Main connection [MySQLi]: A socket operation was attempted to an unreachable host
[Method: GET, Route: dashboard/user-status]
in SYSTEMPATH\Database\BaseConnection.php on line 465.
 1 SYSTEMPATH\Database\BaseConnection.php(614): CodeIgniter\Database\BaseConnection->initialize()
 2 SYSTEMPATH\Database\BaseBuilder.php(1649): CodeIgniter\Database\BaseConnection->query('SELECT *
FROM `users_login`', [], false)
 3 APPPATH\Controllers\Dashboard.php(46): CodeIgniter\Database\BaseBuilder->get()
 4 APPPATH\Controllers\Dashboard.php(29): App\Controllers\Dashboard->getUserActivityStatus()
 5 SYSTEMPATH\CodeIgniter.php(933): App\Controllers\Dashboard->userStatusJson()
 6 SYSTEMPATH\CodeIgniter.php(507): CodeIgniter\CodeIgniter->runController(Object(App\Controllers\Dashboard))
 7 SYSTEMPATH\CodeIgniter.php(354): CodeIgniter\CodeIgniter->handleRequest(null, Object(Config\Cache), false)
 8 SYSTEMPATH\Boot.php(363): CodeIgniter\CodeIgniter->run()
 9 SYSTEMPATH\Boot.php(68): CodeIgniter\Boot::runCodeIgniter(Object(CodeIgniter\CodeIgniter))
10 FCPATH\index.php(59): CodeIgniter\Boot::bootWeb(Object(Config\Paths))
11 SYSTEMPATH\rewrite.php(44): require_once('C:\\xampp\\htdocs\\rssstumpang.com\\public\\index.php')
ERROR - 2025-07-05 04:33:30 --> Error connecting to the database: mysqli_sql_exception: A socket operation was attempted to an unreachable host in C:\xampp\htdocs\rssstumpang.com\system\Database\MySQLi\Connection.php:201
Stack trace:
#0 C:\xampp\htdocs\rssstumpang.com\system\Database\MySQLi\Connection.php(201): mysqli->real_connect('172.12.12.50', 'rsss-remotedb', Object(SensitiveParameterValue), 'rsss_db', 3306, '', 0)
#1 C:\xampp\htdocs\rssstumpang.com\system\Database\BaseConnection.php(419): CodeIgniter\Database\MySQLi\Connection->connect(false)
#2 C:\xampp\htdocs\rssstumpang.com\system\Database\BaseConnection.php(614): CodeIgniter\Database\BaseConnection->initialize()
#3 C:\xampp\htdocs\rssstumpang.com\system\Database\BaseBuilder.php(1649): CodeIgniter\Database\BaseConnection->query('SELECT *\nFROM `...', Array, false)
#4 C:\xampp\htdocs\rssstumpang.com\app\Controllers\Dashboard.php(46): CodeIgniter\Database\BaseBuilder->get()
#5 C:\xampp\htdocs\rssstumpang.com\app\Controllers\Dashboard.php(29): App\Controllers\Dashboard->getUserActivityStatus()
#6 C:\xampp\htdocs\rssstumpang.com\system\CodeIgniter.php(933): App\Controllers\Dashboard->userStatusJson()
#7 C:\xampp\htdocs\rssstumpang.com\system\CodeIgniter.php(507): CodeIgniter\CodeIgniter->runController(Object(App\Controllers\Dashboard))
#8 C:\xampp\htdocs\rssstumpang.com\system\CodeIgniter.php(354): CodeIgniter\CodeIgniter->handleRequest(NULL, Object(Config\Cache), false)
#9 C:\xampp\htdocs\rssstumpang.com\system\Boot.php(363): CodeIgniter\CodeIgniter->run()
#10 C:\xampp\htdocs\rssstumpang.com\system\Boot.php(68): CodeIgniter\Boot::runCodeIgniter(Object(CodeIgniter\CodeIgniter))
#11 C:\xampp\htdocs\rssstumpang.com\public\index.php(59): CodeIgniter\Boot::bootWeb(Object(Config\Paths))
#12 C:\xampp\htdocs\rssstumpang.com\system\rewrite.php(44): require_once('C:\\xampp\\htdocs...')
#13 {main}

Next CodeIgniter\Database\Exceptions\DatabaseException: A socket operation was attempted to an unreachable host in C:\xampp\htdocs\rssstumpang.com\system\Database\MySQLi\Connection.php:246
Stack trace:
#0 C:\xampp\htdocs\rssstumpang.com\system\Database\BaseConnection.php(419): CodeIgniter\Database\MySQLi\Connection->connect(false)
#1 C:\xampp\htdocs\rssstumpang.com\system\Database\BaseConnection.php(614): CodeIgniter\Database\BaseConnection->initialize()
#2 C:\xampp\htdocs\rssstumpang.com\system\Database\BaseBuilder.php(1649): CodeIgniter\Database\BaseConnection->query('SELECT *\nFROM `...', Array, false)
#3 C:\xampp\htdocs\rssstumpang.com\app\Controllers\Dashboard.php(46): CodeIgniter\Database\BaseBuilder->get()
#4 C:\xampp\htdocs\rssstumpang.com\app\Controllers\Dashboard.php(29): App\Controllers\Dashboard->getUserActivityStatus()
#5 C:\xampp\htdocs\rssstumpang.com\system\CodeIgniter.php(933): App\Controllers\Dashboard->userStatusJson()
#6 C:\xampp\htdocs\rssstumpang.com\system\CodeIgniter.php(507): CodeIgniter\CodeIgniter->runController(Object(App\Controllers\Dashboard))
#7 C:\xampp\htdocs\rssstumpang.com\system\CodeIgniter.php(354): CodeIgniter\CodeIgniter->handleRequest(NULL, Object(Config\Cache), false)
#8 C:\xampp\htdocs\rssstumpang.com\system\Boot.php(363): CodeIgniter\CodeIgniter->run()
#9 C:\xampp\htdocs\rssstumpang.com\system\Boot.php(68): CodeIgniter\Boot::runCodeIgniter(Object(CodeIgniter\CodeIgniter))
#10 C:\xampp\htdocs\rssstumpang.com\public\index.php(59): CodeIgniter\Boot::bootWeb(Object(Config\Paths))
#11 C:\xampp\htdocs\rssstumpang.com\system\rewrite.php(44): require_once('C:\\xampp\\htdocs...')
#12 {main}
CRITICAL - 2025-07-05 04:33:30 --> CodeIgniter\Database\Exceptions\DatabaseException: Unable to connect to the database.
Main connection [MySQLi]: A socket operation was attempted to an unreachable host
[Method: GET, Route: dashboard/user-status]
in SYSTEMPATH\Database\BaseConnection.php on line 465.
 1 SYSTEMPATH\Database\BaseConnection.php(614): CodeIgniter\Database\BaseConnection->initialize()
 2 SYSTEMPATH\Database\BaseBuilder.php(1649): CodeIgniter\Database\BaseConnection->query('SELECT *
FROM `users_login`', [], false)
 3 APPPATH\Controllers\Dashboard.php(46): CodeIgniter\Database\BaseBuilder->get()
 4 APPPATH\Controllers\Dashboard.php(29): App\Controllers\Dashboard->getUserActivityStatus()
 5 SYSTEMPATH\CodeIgniter.php(933): App\Controllers\Dashboard->userStatusJson()
 6 SYSTEMPATH\CodeIgniter.php(507): CodeIgniter\CodeIgniter->runController(Object(App\Controllers\Dashboard))
 7 SYSTEMPATH\CodeIgniter.php(354): CodeIgniter\CodeIgniter->handleRequest(null, Object(Config\Cache), false)
 8 SYSTEMPATH\Boot.php(363): CodeIgniter\CodeIgniter->run()
 9 SYSTEMPATH\Boot.php(68): CodeIgniter\Boot::runCodeIgniter(Object(CodeIgniter\CodeIgniter))
10 FCPATH\index.php(59): CodeIgniter\Boot::bootWeb(Object(Config\Paths))
11 SYSTEMPATH\rewrite.php(44): require_once('C:\\xampp\\htdocs\\rssstumpang.com\\public\\index.php')
ERROR - 2025-07-05 04:34:00 --> Error connecting to the database: mysqli_sql_exception: A socket operation was attempted to an unreachable host in C:\xampp\htdocs\rssstumpang.com\system\Database\MySQLi\Connection.php:201
Stack trace:
#0 C:\xampp\htdocs\rssstumpang.com\system\Database\MySQLi\Connection.php(201): mysqli->real_connect('172.12.12.50', 'rsss-remotedb', Object(SensitiveParameterValue), 'rsss_db', 3306, '', 0)
#1 C:\xampp\htdocs\rssstumpang.com\system\Database\BaseConnection.php(419): CodeIgniter\Database\MySQLi\Connection->connect(false)
#2 C:\xampp\htdocs\rssstumpang.com\system\Database\BaseConnection.php(614): CodeIgniter\Database\BaseConnection->initialize()
#3 C:\xampp\htdocs\rssstumpang.com\system\Database\BaseBuilder.php(1649): CodeIgniter\Database\BaseConnection->query('SELECT *\nFROM `...', Array, false)
#4 C:\xampp\htdocs\rssstumpang.com\app\Controllers\Dashboard.php(46): CodeIgniter\Database\BaseBuilder->get()
#5 C:\xampp\htdocs\rssstumpang.com\app\Controllers\Dashboard.php(29): App\Controllers\Dashboard->getUserActivityStatus()
#6 C:\xampp\htdocs\rssstumpang.com\system\CodeIgniter.php(933): App\Controllers\Dashboard->userStatusJson()
#7 C:\xampp\htdocs\rssstumpang.com\system\CodeIgniter.php(507): CodeIgniter\CodeIgniter->runController(Object(App\Controllers\Dashboard))
#8 C:\xampp\htdocs\rssstumpang.com\system\CodeIgniter.php(354): CodeIgniter\CodeIgniter->handleRequest(NULL, Object(Config\Cache), false)
#9 C:\xampp\htdocs\rssstumpang.com\system\Boot.php(363): CodeIgniter\CodeIgniter->run()
#10 C:\xampp\htdocs\rssstumpang.com\system\Boot.php(68): CodeIgniter\Boot::runCodeIgniter(Object(CodeIgniter\CodeIgniter))
#11 C:\xampp\htdocs\rssstumpang.com\public\index.php(59): CodeIgniter\Boot::bootWeb(Object(Config\Paths))
#12 C:\xampp\htdocs\rssstumpang.com\system\rewrite.php(44): require_once('C:\\xampp\\htdocs...')
#13 {main}

Next CodeIgniter\Database\Exceptions\DatabaseException: A socket operation was attempted to an unreachable host in C:\xampp\htdocs\rssstumpang.com\system\Database\MySQLi\Connection.php:246
Stack trace:
#0 C:\xampp\htdocs\rssstumpang.com\system\Database\BaseConnection.php(419): CodeIgniter\Database\MySQLi\Connection->connect(false)
#1 C:\xampp\htdocs\rssstumpang.com\system\Database\BaseConnection.php(614): CodeIgniter\Database\BaseConnection->initialize()
#2 C:\xampp\htdocs\rssstumpang.com\system\Database\BaseBuilder.php(1649): CodeIgniter\Database\BaseConnection->query('SELECT *\nFROM `...', Array, false)
#3 C:\xampp\htdocs\rssstumpang.com\app\Controllers\Dashboard.php(46): CodeIgniter\Database\BaseBuilder->get()
#4 C:\xampp\htdocs\rssstumpang.com\app\Controllers\Dashboard.php(29): App\Controllers\Dashboard->getUserActivityStatus()
#5 C:\xampp\htdocs\rssstumpang.com\system\CodeIgniter.php(933): App\Controllers\Dashboard->userStatusJson()
#6 C:\xampp\htdocs\rssstumpang.com\system\CodeIgniter.php(507): CodeIgniter\CodeIgniter->runController(Object(App\Controllers\Dashboard))
#7 C:\xampp\htdocs\rssstumpang.com\system\CodeIgniter.php(354): CodeIgniter\CodeIgniter->handleRequest(NULL, Object(Config\Cache), false)
#8 C:\xampp\htdocs\rssstumpang.com\system\Boot.php(363): CodeIgniter\CodeIgniter->run()
#9 C:\xampp\htdocs\rssstumpang.com\system\Boot.php(68): CodeIgniter\Boot::runCodeIgniter(Object(CodeIgniter\CodeIgniter))
#10 C:\xampp\htdocs\rssstumpang.com\public\index.php(59): CodeIgniter\Boot::bootWeb(Object(Config\Paths))
#11 C:\xampp\htdocs\rssstumpang.com\system\rewrite.php(44): require_once('C:\\xampp\\htdocs...')
#12 {main}
CRITICAL - 2025-07-05 04:34:00 --> CodeIgniter\Database\Exceptions\DatabaseException: Unable to connect to the database.
Main connection [MySQLi]: A socket operation was attempted to an unreachable host
[Method: GET, Route: dashboard/user-status]
in SYSTEMPATH\Database\BaseConnection.php on line 465.
 1 SYSTEMPATH\Database\BaseConnection.php(614): CodeIgniter\Database\BaseConnection->initialize()
 2 SYSTEMPATH\Database\BaseBuilder.php(1649): CodeIgniter\Database\BaseConnection->query('SELECT *
FROM `users_login`', [], false)
 3 APPPATH\Controllers\Dashboard.php(46): CodeIgniter\Database\BaseBuilder->get()
 4 APPPATH\Controllers\Dashboard.php(29): App\Controllers\Dashboard->getUserActivityStatus()
 5 SYSTEMPATH\CodeIgniter.php(933): App\Controllers\Dashboard->userStatusJson()
 6 SYSTEMPATH\CodeIgniter.php(507): CodeIgniter\CodeIgniter->runController(Object(App\Controllers\Dashboard))
 7 SYSTEMPATH\CodeIgniter.php(354): CodeIgniter\CodeIgniter->handleRequest(null, Object(Config\Cache), false)
 8 SYSTEMPATH\Boot.php(363): CodeIgniter\CodeIgniter->run()
 9 SYSTEMPATH\Boot.php(68): CodeIgniter\Boot::runCodeIgniter(Object(CodeIgniter\CodeIgniter))
10 FCPATH\index.php(59): CodeIgniter\Boot::bootWeb(Object(Config\Paths))
11 SYSTEMPATH\rewrite.php(44): require_once('C:\\xampp\\htdocs\\rssstumpang.com\\public\\index.php')
ERROR - 2025-07-05 04:34:40 --> Error connecting to the database: mysqli_sql_exception: A connection attempt failed because the connected party did not properly respond after a period of time, or established connection failed because connected host has failed to respond in C:\xampp\htdocs\rssstumpang.com\system\Database\MySQLi\Connection.php:201
Stack trace:
#0 C:\xampp\htdocs\rssstumpang.com\system\Database\MySQLi\Connection.php(201): mysqli->real_connect('172.12.12.50', 'rsss-remotedb', Object(SensitiveParameterValue), 'rsss_db', 3306, '', 0)
#1 C:\xampp\htdocs\rssstumpang.com\system\Database\BaseConnection.php(419): CodeIgniter\Database\MySQLi\Connection->connect(false)
#2 C:\xampp\htdocs\rssstumpang.com\system\Database\BaseConnection.php(614): CodeIgniter\Database\BaseConnection->initialize()
#3 C:\xampp\htdocs\rssstumpang.com\system\Database\BaseBuilder.php(1649): CodeIgniter\Database\BaseConnection->query('SELECT *\nFROM `...', Array, false)
#4 C:\xampp\htdocs\rssstumpang.com\app\Controllers\Dashboard.php(46): CodeIgniter\Database\BaseBuilder->get()
#5 C:\xampp\htdocs\rssstumpang.com\app\Controllers\Dashboard.php(29): App\Controllers\Dashboard->getUserActivityStatus()
#6 C:\xampp\htdocs\rssstumpang.com\system\CodeIgniter.php(933): App\Controllers\Dashboard->userStatusJson()
#7 C:\xampp\htdocs\rssstumpang.com\system\CodeIgniter.php(507): CodeIgniter\CodeIgniter->runController(Object(App\Controllers\Dashboard))
#8 C:\xampp\htdocs\rssstumpang.com\system\CodeIgniter.php(354): CodeIgniter\CodeIgniter->handleRequest(NULL, Object(Config\Cache), false)
#9 C:\xampp\htdocs\rssstumpang.com\system\Boot.php(363): CodeIgniter\CodeIgniter->run()
#10 C:\xampp\htdocs\rssstumpang.com\system\Boot.php(68): CodeIgniter\Boot::runCodeIgniter(Object(CodeIgniter\CodeIgniter))
#11 C:\xampp\htdocs\rssstumpang.com\public\index.php(59): CodeIgniter\Boot::bootWeb(Object(Config\Paths))
#12 C:\xampp\htdocs\rssstumpang.com\system\rewrite.php(44): require_once('C:\\xampp\\htdocs...')
#13 {main}

Next CodeIgniter\Database\Exceptions\DatabaseException: A connection attempt failed because the connected party did not properly respond after a period of time, or established connection failed because connected host has failed to respond in C:\xampp\htdocs\rssstumpang.com\system\Database\MySQLi\Connection.php:246
Stack trace:
#0 C:\xampp\htdocs\rssstumpang.com\system\Database\BaseConnection.php(419): CodeIgniter\Database\MySQLi\Connection->connect(false)
#1 C:\xampp\htdocs\rssstumpang.com\system\Database\BaseConnection.php(614): CodeIgniter\Database\BaseConnection->initialize()
#2 C:\xampp\htdocs\rssstumpang.com\system\Database\BaseBuilder.php(1649): CodeIgniter\Database\BaseConnection->query('SELECT *\nFROM `...', Array, false)
#3 C:\xampp\htdocs\rssstumpang.com\app\Controllers\Dashboard.php(46): CodeIgniter\Database\BaseBuilder->get()
#4 C:\xampp\htdocs\rssstumpang.com\app\Controllers\Dashboard.php(29): App\Controllers\Dashboard->getUserActivityStatus()
#5 C:\xampp\htdocs\rssstumpang.com\system\CodeIgniter.php(933): App\Controllers\Dashboard->userStatusJson()
#6 C:\xampp\htdocs\rssstumpang.com\system\CodeIgniter.php(507): CodeIgniter\CodeIgniter->runController(Object(App\Controllers\Dashboard))
#7 C:\xampp\htdocs\rssstumpang.com\system\CodeIgniter.php(354): CodeIgniter\CodeIgniter->handleRequest(NULL, Object(Config\Cache), false)
#8 C:\xampp\htdocs\rssstumpang.com\system\Boot.php(363): CodeIgniter\CodeIgniter->run()
#9 C:\xampp\htdocs\rssstumpang.com\system\Boot.php(68): CodeIgniter\Boot::runCodeIgniter(Object(CodeIgniter\CodeIgniter))
#10 C:\xampp\htdocs\rssstumpang.com\public\index.php(59): CodeIgniter\Boot::bootWeb(Object(Config\Paths))
#11 C:\xampp\htdocs\rssstumpang.com\system\rewrite.php(44): require_once('C:\\xampp\\htdocs...')
#12 {main}
CRITICAL - 2025-07-05 04:34:40 --> CodeIgniter\Database\Exceptions\DatabaseException: Unable to connect to the database.
Main connection [MySQLi]: A connection attempt failed because the connected party did not properly respond after a period of time, or established connection failed because connected host has failed to respond
[Method: GET, Route: dashboard/user-status]
in SYSTEMPATH\Database\BaseConnection.php on line 465.
 1 SYSTEMPATH\Database\BaseConnection.php(614): CodeIgniter\Database\BaseConnection->initialize()
 2 SYSTEMPATH\Database\BaseBuilder.php(1649): CodeIgniter\Database\BaseConnection->query('SELECT *
FROM `users_login`', [], false)
 3 APPPATH\Controllers\Dashboard.php(46): CodeIgniter\Database\BaseBuilder->get()
 4 APPPATH\Controllers\Dashboard.php(29): App\Controllers\Dashboard->getUserActivityStatus()
 5 SYSTEMPATH\CodeIgniter.php(933): App\Controllers\Dashboard->userStatusJson()
 6 SYSTEMPATH\CodeIgniter.php(507): CodeIgniter\CodeIgniter->runController(Object(App\Controllers\Dashboard))
 7 SYSTEMPATH\CodeIgniter.php(354): CodeIgniter\CodeIgniter->handleRequest(null, Object(Config\Cache), false)
 8 SYSTEMPATH\Boot.php(363): CodeIgniter\CodeIgniter->run()
 9 SYSTEMPATH\Boot.php(68): CodeIgniter\Boot::runCodeIgniter(Object(CodeIgniter\CodeIgniter))
10 FCPATH\index.php(59): CodeIgniter\Boot::bootWeb(Object(Config\Paths))
11 SYSTEMPATH\rewrite.php(44): require_once('C:\\xampp\\htdocs\\rssstumpang.com\\public\\index.php')
DEBUG - 2025-07-05 04:43:43 --> Session: Class initialized using 'CodeIgniter\Session\Handlers\FileHandler' driver.
DEBUG - 2025-07-05 11:45:13 --> Session: Class initialized using 'CodeIgniter\Session\Handlers\FileHandler' driver.
DEBUG - 2025-07-05 11:45:31 --> Session: Class initialized using 'CodeIgniter\Session\Handlers\FileHandler' driver.
DEBUG - 2025-07-05 04:45:34 --> Session: Class initialized using 'CodeIgniter\Session\Handlers\FileHandler' driver.
DEBUG - 2025-07-05 11:45:36 --> Session: Class initialized using 'CodeIgniter\Session\Handlers\FileHandler' driver.
DEBUG - 2025-07-05 11:46:13 --> Session: Class initialized using 'CodeIgniter\Session\Handlers\FileHandler' driver.
DEBUG - 2025-07-05 04:51:31 --> Session: Class initialized using 'CodeIgniter\Session\Handlers\FileHandler' driver.
DEBUG - 2025-07-05 04:54:12 --> Session: Class initialized using 'CodeIgniter\Session\Handlers\FileHandler' driver.
DEBUG - 2025-07-05 05:00:30 --> Session: Class initialized using 'CodeIgniter\Session\Handlers\FileHandler' driver.
DEBUG - 2025-07-05 05:00:38 --> Session: Class initialized using 'CodeIgniter\Session\Handlers\FileHandler' driver.
DEBUG - 2025-07-05 12:34:15 --> Session: Class initialized using 'CodeIgniter\Session\Handlers\FileHandler' driver.
DEBUG - 2025-07-05 05:35:57 --> Session: Class initialized using 'CodeIgniter\Session\Handlers\FileHandler' driver.
DEBUG - 2025-07-05 05:40:26 --> Session: Class initialized using 'CodeIgniter\Session\Handlers\FileHandler' driver.
DEBUG - 2025-07-05 05:40:54 --> Session: Class initialized using 'CodeIgniter\Session\Handlers\FileHandler' driver.
DEBUG - 2025-07-05 12:44:16 --> Session: Class initialized using 'CodeIgniter\Session\Handlers\FileHandler' driver.
DEBUG - 2025-07-05 05:44:17 --> Session: Class initialized using 'CodeIgniter\Session\Handlers\FileHandler' driver.
DEBUG - 2025-07-05 12:44:19 --> Session: Class initialized using 'CodeIgniter\Session\Handlers\FileHandler' driver.
DEBUG - 2025-07-05 05:44:20 --> Session: Class initialized using 'CodeIgniter\Session\Handlers\FileHandler' driver.
DEBUG - 2025-07-05 12:47:38 --> Session: Class initialized using 'CodeIgniter\Session\Handlers\FileHandler' driver.
DEBUG - 2025-07-05 05:50:56 --> Session: Class initialized using 'CodeIgniter\Session\Handlers\FileHandler' driver.
DEBUG - 2025-07-05 12:51:07 --> Session: Class initialized using 'CodeIgniter\Session\Handlers\FileHandler' driver.
DEBUG - 2025-07-05 05:52:47 --> Session: Class initialized using 'CodeIgniter\Session\Handlers\FileHandler' driver.
DEBUG - 2025-07-05 05:57:31 --> Session: Class initialized using 'CodeIgniter\Session\Handlers\FileHandler' driver.
DEBUG - 2025-07-05 07:28:40 --> Session: Class initialized using 'CodeIgniter\Session\Handlers\FileHandler' driver.
DEBUG - 2025-07-05 14:28:55 --> Session: Class initialized using 'CodeIgniter\Session\Handlers\FileHandler' driver.
DEBUG - 2025-07-05 14:32:59 --> Session: Class initialized using 'CodeIgniter\Session\Handlers\FileHandler' driver.
DEBUG - 2025-07-05 07:37:36 --> Session: Class initialized using 'CodeIgniter\Session\Handlers\FileHandler' driver.
DEBUG - 2025-07-05 07:37:40 --> Session: Class initialized using 'CodeIgniter\Session\Handlers\FileHandler' driver.
DEBUG - 2025-07-05 07:39:00 --> Session: Class initialized using 'CodeIgniter\Session\Handlers\FileHandler' driver.
DEBUG - 2025-07-05 07:39:03 --> Session: Class initialized using 'CodeIgniter\Session\Handlers\FileHandler' driver.
DEBUG - 2025-07-05 07:39:10 --> Session: Class initialized using 'CodeIgniter\Session\Handlers\FileHandler' driver.
DEBUG - 2025-07-05 07:39:13 --> Session: Class initialized using 'CodeIgniter\Session\Handlers\FileHandler' driver.
DEBUG - 2025-07-05 07:46:10 --> Session: Class initialized using 'CodeIgniter\Session\Handlers\FileHandler' driver.
DEBUG - 2025-07-05 07:47:11 --> Session: Class initialized using 'CodeIgniter\Session\Handlers\FileHandler' driver.
DEBUG - 2025-07-05 07:47:38 --> Session: Class initialized using 'CodeIgniter\Session\Handlers\FileHandler' driver.
DEBUG - 2025-07-05 07:48:03 --> Session: Class initialized using 'CodeIgniter\Session\Handlers\FileHandler' driver.
DEBUG - 2025-07-05 07:48:45 --> Session: Class initialized using 'CodeIgniter\Session\Handlers\FileHandler' driver.
DEBUG - 2025-07-05 07:49:00 --> Session: Class initialized using 'CodeIgniter\Session\Handlers\FileHandler' driver.
DEBUG - 2025-07-05 07:49:38 --> Session: Class initialized using 'CodeIgniter\Session\Handlers\FileHandler' driver.
DEBUG - 2025-07-05 07:50:02 --> Session: Class initialized using 'CodeIgniter\Session\Handlers\FileHandler' driver.
DEBUG - 2025-07-05 07:50:25 --> Session: Class initialized using 'CodeIgniter\Session\Handlers\FileHandler' driver.
DEBUG - 2025-07-05 07:50:47 --> Session: Class initialized using 'CodeIgniter\Session\Handlers\FileHandler' driver.
DEBUG - 2025-07-05 07:51:22 --> Session: Class initialized using 'CodeIgniter\Session\Handlers\FileHandler' driver.
DEBUG - 2025-07-05 07:52:58 --> Session: Class initialized using 'CodeIgniter\Session\Handlers\FileHandler' driver.
DEBUG - 2025-07-05 07:53:08 --> Session: Class initialized using 'CodeIgniter\Session\Handlers\FileHandler' driver.
DEBUG - 2025-07-05 07:53:15 --> Session: Class initialized using 'CodeIgniter\Session\Handlers\FileHandler' driver.
DEBUG - 2025-07-05 07:53:40 --> Session: Class initialized using 'CodeIgniter\Session\Handlers\FileHandler' driver.
DEBUG - 2025-07-05 07:53:47 --> Session: Class initialized using 'CodeIgniter\Session\Handlers\FileHandler' driver.
DEBUG - 2025-07-05 07:54:16 --> Session: Class initialized using 'CodeIgniter\Session\Handlers\FileHandler' driver.
DEBUG - 2025-07-05 07:54:22 --> Session: Class initialized using 'CodeIgniter\Session\Handlers\FileHandler' driver.
DEBUG - 2025-07-05 07:54:35 --> Session: Class initialized using 'CodeIgniter\Session\Handlers\FileHandler' driver.
DEBUG - 2025-07-05 07:54:41 --> Session: Class initialized using 'CodeIgniter\Session\Handlers\FileHandler' driver.
DEBUG - 2025-07-05 07:54:52 --> Session: Class initialized using 'CodeIgniter\Session\Handlers\FileHandler' driver.
DEBUG - 2025-07-05 07:55:00 --> Session: Class initialized using 'CodeIgniter\Session\Handlers\FileHandler' driver.
DEBUG - 2025-07-05 07:55:09 --> Session: Class initialized using 'CodeIgniter\Session\Handlers\FileHandler' driver.
DEBUG - 2025-07-05 07:55:13 --> Session: Class initialized using 'CodeIgniter\Session\Handlers\FileHandler' driver.
DEBUG - 2025-07-05 07:55:31 --> Session: Class initialized using 'CodeIgniter\Session\Handlers\FileHandler' driver.
DEBUG - 2025-07-05 07:56:16 --> Session: Class initialized using 'CodeIgniter\Session\Handlers\FileHandler' driver.
DEBUG - 2025-07-05 07:56:31 --> Session: Class initialized using 'CodeIgniter\Session\Handlers\FileHandler' driver.
DEBUG - 2025-07-05 07:57:01 --> Session: Class initialized using 'CodeIgniter\Session\Handlers\FileHandler' driver.
DEBUG - 2025-07-05 07:57:08 --> Session: Class initialized using 'CodeIgniter\Session\Handlers\FileHandler' driver.
DEBUG - 2025-07-05 07:58:18 --> Session: Class initialized using 'CodeIgniter\Session\Handlers\FileHandler' driver.
DEBUG - 2025-07-05 07:59:32 --> Session: Class initialized using 'CodeIgniter\Session\Handlers\FileHandler' driver.
DEBUG - 2025-07-05 08:00:59 --> Session: Class initialized using 'CodeIgniter\Session\Handlers\FileHandler' driver.
DEBUG - 2025-07-05 08:05:40 --> Session: Class initialized using 'CodeIgniter\Session\Handlers\FileHandler' driver.
DEBUG - 2025-07-05 08:05:51 --> Session: Class initialized using 'CodeIgniter\Session\Handlers\FileHandler' driver.
DEBUG - 2025-07-05 08:06:10 --> Session: Class initialized using 'CodeIgniter\Session\Handlers\FileHandler' driver.
DEBUG - 2025-07-05 08:06:10 --> Session: Class initialized using 'CodeIgniter\Session\Handlers\FileHandler' driver.
DEBUG - 2025-07-05 08:06:27 --> Session: Class initialized using 'CodeIgniter\Session\Handlers\FileHandler' driver.
DEBUG - 2025-07-05 08:09:08 --> Session: Class initialized using 'CodeIgniter\Session\Handlers\FileHandler' driver.
DEBUG - 2025-07-05 08:09:25 --> Session: Class initialized using 'CodeIgniter\Session\Handlers\FileHandler' driver.
DEBUG - 2025-07-05 08:09:25 --> Session: Class initialized using 'CodeIgniter\Session\Handlers\FileHandler' driver.
DEBUG - 2025-07-05 08:09:36 --> Session: Class initialized using 'CodeIgniter\Session\Handlers\FileHandler' driver.
DEBUG - 2025-07-05 08:09:36 --> Session: Class initialized using 'CodeIgniter\Session\Handlers\FileHandler' driver.
DEBUG - 2025-07-05 08:10:09 --> Session: Class initialized using 'CodeIgniter\Session\Handlers\FileHandler' driver.
DEBUG - 2025-07-05 08:10:09 --> Session: Class initialized using 'CodeIgniter\Session\Handlers\FileHandler' driver.
DEBUG - 2025-07-05 08:11:50 --> Session: Class initialized using 'CodeIgniter\Session\Handlers\FileHandler' driver.
DEBUG - 2025-07-05 08:11:54 --> Session: Class initialized using 'CodeIgniter\Session\Handlers\FileHandler' driver.
DEBUG - 2025-07-05 08:11:54 --> Session: Class initialized using 'CodeIgniter\Session\Handlers\FileHandler' driver.
DEBUG - 2025-07-05 08:15:16 --> Session: Class initialized using 'CodeIgniter\Session\Handlers\FileHandler' driver.
DEBUG - 2025-07-05 08:15:58 --> Session: Class initialized using 'CodeIgniter\Session\Handlers\FileHandler' driver.
DEBUG - 2025-07-05 08:15:59 --> Session: Class initialized using 'CodeIgniter\Session\Handlers\FileHandler' driver.
DEBUG - 2025-07-05 08:16:05 --> Session: Class initialized using 'CodeIgniter\Session\Handlers\FileHandler' driver.
DEBUG - 2025-07-05 08:16:05 --> Session: Class initialized using 'CodeIgniter\Session\Handlers\FileHandler' driver.
DEBUG - 2025-07-05 08:36:41 --> Session: Class initialized using 'CodeIgniter\Session\Handlers\FileHandler' driver.
DEBUG - 2025-07-05 08:37:10 --> Session: Class initialized using 'CodeIgniter\Session\Handlers\FileHandler' driver.
DEBUG - 2025-07-05 08:37:35 --> Session: Class initialized using 'CodeIgniter\Session\Handlers\FileHandler' driver.
DEBUG - 2025-07-05 08:37:50 --> Session: Class initialized using 'CodeIgniter\Session\Handlers\FileHandler' driver.
DEBUG - 2025-07-05 08:37:58 --> Session: Class initialized using 'CodeIgniter\Session\Handlers\FileHandler' driver.
DEBUG - 2025-07-05 08:38:06 --> Session: Class initialized using 'CodeIgniter\Session\Handlers\FileHandler' driver.
DEBUG - 2025-07-05 08:42:27 --> Session: Class initialized using 'CodeIgniter\Session\Handlers\FileHandler' driver.
DEBUG - 2025-07-05 08:42:38 --> Session: Class initialized using 'CodeIgniter\Session\Handlers\FileHandler' driver.
DEBUG - 2025-07-05 08:43:06 --> Session: Class initialized using 'CodeIgniter\Session\Handlers\FileHandler' driver.
DEBUG - 2025-07-05 08:45:05 --> Session: Class initialized using 'CodeIgniter\Session\Handlers\FileHandler' driver.
DEBUG - 2025-07-05 08:48:10 --> Session: Class initialized using 'CodeIgniter\Session\Handlers\FileHandler' driver.
DEBUG - 2025-07-05 08:48:19 --> Session: Class initialized using 'CodeIgniter\Session\Handlers\FileHandler' driver.
DEBUG - 2025-07-05 08:50:05 --> Session: Class initialized using 'CodeIgniter\Session\Handlers\FileHandler' driver.
DEBUG - 2025-07-05 08:50:37 --> Session: Class initialized using 'CodeIgniter\Session\Handlers\FileHandler' driver.
DEBUG - 2025-07-05 08:51:08 --> Session: Class initialized using 'CodeIgniter\Session\Handlers\FileHandler' driver.
DEBUG - 2025-07-05 09:08:04 --> Session: Class initialized using 'CodeIgniter\Session\Handlers\FileHandler' driver.
DEBUG - 2025-07-05 09:09:03 --> Session: Class initialized using 'CodeIgniter\Session\Handlers\FileHandler' driver.
DEBUG - 2025-07-05 09:11:58 --> Session: Class initialized using 'CodeIgniter\Session\Handlers\FileHandler' driver.
DEBUG - 2025-07-05 09:13:29 --> Session: Class initialized using 'CodeIgniter\Session\Handlers\FileHandler' driver.
ERROR - 2025-07-05 09:13:34 --> mysqli_sql_exception: Column 'role' cannot be null in C:\xampp\htdocs\rssstumpang.com\system\Database\MySQLi\Connection.php:327
Stack trace:
#0 C:\xampp\htdocs\rssstumpang.com\system\Database\MySQLi\Connection.php(327): mysqli->query('INSERT INTO `us...', 0)
#1 C:\xampp\htdocs\rssstumpang.com\system\Database\BaseConnection.php(731): CodeIgniter\Database\MySQLi\Connection->execute('INSERT INTO `us...')
#2 C:\xampp\htdocs\rssstumpang.com\system\Database\BaseConnection.php(646): CodeIgniter\Database\BaseConnection->simpleQuery('INSERT INTO `us...')
#3 C:\xampp\htdocs\rssstumpang.com\system\Database\BaseBuilder.php(2345): CodeIgniter\Database\BaseConnection->query('INSERT INTO `us...', Array, false)
#4 C:\xampp\htdocs\rssstumpang.com\system\Model.php(394): CodeIgniter\Database\BaseBuilder->insert()
#5 C:\xampp\htdocs\rssstumpang.com\system\BaseModel.php(842): CodeIgniter\Model->doInsert(Array)
#6 C:\xampp\htdocs\rssstumpang.com\system\Model.php(799): CodeIgniter\BaseModel->insert(Array, true)
#7 C:\xampp\htdocs\rssstumpang.com\app\Controllers\Akun.php(71): CodeIgniter\Model->insert(Array)
#8 C:\xampp\htdocs\rssstumpang.com\system\CodeIgniter.php(933): App\Controllers\Akun->store()
#9 C:\xampp\htdocs\rssstumpang.com\system\CodeIgniter.php(507): CodeIgniter\CodeIgniter->runController(Object(App\Controllers\Akun))
#10 C:\xampp\htdocs\rssstumpang.com\system\CodeIgniter.php(354): CodeIgniter\CodeIgniter->handleRequest(NULL, Object(Config\Cache), false)
#11 C:\xampp\htdocs\rssstumpang.com\system\Boot.php(363): CodeIgniter\CodeIgniter->run()
#12 C:\xampp\htdocs\rssstumpang.com\system\Boot.php(68): CodeIgniter\Boot::runCodeIgniter(Object(CodeIgniter\CodeIgniter))
#13 C:\xampp\htdocs\rssstumpang.com\public\index.php(59): CodeIgniter\Boot::bootWeb(Object(Config\Paths))
#14 C:\xampp\htdocs\rssstumpang.com\system\rewrite.php(44): require_once('C:\\xampp\\htdocs...')
#15 {main}
CRITICAL - 2025-07-05 09:13:34 --> CodeIgniter\Database\Exceptions\DatabaseException: Column 'role' cannot be null
[Method: POST, Route: akun/store]
in SYSTEMPATH\Database\BaseConnection.php on line 686.
 1 SYSTEMPATH\Database\BaseBuilder.php(2345): CodeIgniter\Database\BaseConnection->query('INSERT INTO `users_login` (`id_user`, `nama_lengkap`, `username`, `password`, `role`, `last_active`) VALUES (:id_user:, :nama_lengkap:, :username:, :password:, :role:, :last_active:)', [...], false)
 2 SYSTEMPATH\Model.php(394): CodeIgniter\Database\BaseBuilder->insert()
 3 SYSTEMPATH\BaseModel.php(842): CodeIgniter\Model->doInsert([...])
 4 SYSTEMPATH\Model.php(799): CodeIgniter\BaseModel->insert([...], true)
 5 APPPATH\Controllers\Akun.php(71): CodeIgniter\Model->insert([...])
 6 SYSTEMPATH\CodeIgniter.php(933): App\Controllers\Akun->store()
 7 SYSTEMPATH\CodeIgniter.php(507): CodeIgniter\CodeIgniter->runController(Object(App\Controllers\Akun))
 8 SYSTEMPATH\CodeIgniter.php(354): CodeIgniter\CodeIgniter->handleRequest(null, Object(Config\Cache), false)
 9 SYSTEMPATH\Boot.php(363): CodeIgniter\CodeIgniter->run()
10 SYSTEMPATH\Boot.php(68): CodeIgniter\Boot::runCodeIgniter(Object(CodeIgniter\CodeIgniter))
11 FCPATH\index.php(59): CodeIgniter\Boot::bootWeb(Object(Config\Paths))
12 SYSTEMPATH\rewrite.php(44): require_once('C:\\xampp\\htdocs\\rssstumpang.com\\public\\index.php')
CRITICAL - 2025-07-05 09:13:34 --> [Caused by] CodeIgniter\Database\Exceptions\DatabaseException: Column 'role' cannot be null
in SYSTEMPATH\Database\MySQLi\Connection.php on line 332.
 1 SYSTEMPATH\Database\BaseConnection.php(731): CodeIgniter\Database\MySQLi\Connection->execute('INSERT INTO `users_login` (`id_user`, `nama_lengkap`, `username`, `password`, `role`, `last_active`) VALUES (\'69ad8b5e-1cfb-474f-8ba5-66cbdf657045\', \'\', \'\', \'$2y$10$7t34pumEJgW4zmHKeLuAU.JN8UHLCO8JDWCRONgTppOmOsDiR34Ry\', NULL, NULL)')
 2 SYSTEMPATH\Database\BaseConnection.php(646): CodeIgniter\Database\BaseConnection->simpleQuery('INSERT INTO `users_login` (`id_user`, `nama_lengkap`, `username`, `password`, `role`, `last_active`) VALUES (\'69ad8b5e-1cfb-474f-8ba5-66cbdf657045\', \'\', \'\', \'$2y$10$7t34pumEJgW4zmHKeLuAU.JN8UHLCO8JDWCRONgTppOmOsDiR34Ry\', NULL, NULL)')
 3 SYSTEMPATH\Database\BaseBuilder.php(2345): CodeIgniter\Database\BaseConnection->query('INSERT INTO `users_login` (`id_user`, `nama_lengkap`, `username`, `password`, `role`, `last_active`) VALUES (:id_user:, :nama_lengkap:, :username:, :password:, :role:, :last_active:)', [...], false)
 4 SYSTEMPATH\Model.php(394): CodeIgniter\Database\BaseBuilder->insert()
 5 SYSTEMPATH\BaseModel.php(842): CodeIgniter\Model->doInsert([...])
 6 SYSTEMPATH\Model.php(799): CodeIgniter\BaseModel->insert([...], true)
 7 APPPATH\Controllers\Akun.php(71): CodeIgniter\Model->insert([...])
 8 SYSTEMPATH\CodeIgniter.php(933): App\Controllers\Akun->store()
 9 SYSTEMPATH\CodeIgniter.php(507): CodeIgniter\CodeIgniter->runController(Object(App\Controllers\Akun))
10 SYSTEMPATH\CodeIgniter.php(354): CodeIgniter\CodeIgniter->handleRequest(null, Object(Config\Cache), false)
11 SYSTEMPATH\Boot.php(363): CodeIgniter\CodeIgniter->run()
12 SYSTEMPATH\Boot.php(68): CodeIgniter\Boot::runCodeIgniter(Object(CodeIgniter\CodeIgniter))
13 FCPATH\index.php(59): CodeIgniter\Boot::bootWeb(Object(Config\Paths))
14 SYSTEMPATH\rewrite.php(44): require_once('C:\\xampp\\htdocs\\rssstumpang.com\\public\\index.php')
CRITICAL - 2025-07-05 09:13:34 --> [Caused by] mysqli_sql_exception: Column 'role' cannot be null
in SYSTEMPATH\Database\MySQLi\Connection.php on line 327.
 1 SYSTEMPATH\Database\MySQLi\Connection.php(327): mysqli->query('INSERT INTO `users_login` (`id_user`, `nama_lengkap`, `username`, `password`, `role`, `last_active`) VALUES (\'69ad8b5e-1cfb-474f-8ba5-66cbdf657045\', \'\', \'\', \'$2y$10$7t34pumEJgW4zmHKeLuAU.JN8UHLCO8JDWCRONgTppOmOsDiR34Ry\', NULL, NULL)', 0)
 2 SYSTEMPATH\Database\BaseConnection.php(731): CodeIgniter\Database\MySQLi\Connection->execute('INSERT INTO `users_login` (`id_user`, `nama_lengkap`, `username`, `password`, `role`, `last_active`) VALUES (\'69ad8b5e-1cfb-474f-8ba5-66cbdf657045\', \'\', \'\', \'$2y$10$7t34pumEJgW4zmHKeLuAU.JN8UHLCO8JDWCRONgTppOmOsDiR34Ry\', NULL, NULL)')
 3 SYSTEMPATH\Database\BaseConnection.php(646): CodeIgniter\Database\BaseConnection->simpleQuery('INSERT INTO `users_login` (`id_user`, `nama_lengkap`, `username`, `password`, `role`, `last_active`) VALUES (\'69ad8b5e-1cfb-474f-8ba5-66cbdf657045\', \'\', \'\', \'$2y$10$7t34pumEJgW4zmHKeLuAU.JN8UHLCO8JDWCRONgTppOmOsDiR34Ry\', NULL, NULL)')
 4 SYSTEMPATH\Database\BaseBuilder.php(2345): CodeIgniter\Database\BaseConnection->query('INSERT INTO `users_login` (`id_user`, `nama_lengkap`, `username`, `password`, `role`, `last_active`) VALUES (:id_user:, :nama_lengkap:, :username:, :password:, :role:, :last_active:)', [...], false)
 5 SYSTEMPATH\Model.php(394): CodeIgniter\Database\BaseBuilder->insert()
 6 SYSTEMPATH\BaseModel.php(842): CodeIgniter\Model->doInsert([...])
 7 SYSTEMPATH\Model.php(799): CodeIgniter\BaseModel->insert([...], true)
 8 APPPATH\Controllers\Akun.php(71): CodeIgniter\Model->insert([...])
 9 SYSTEMPATH\CodeIgniter.php(933): App\Controllers\Akun->store()
10 SYSTEMPATH\CodeIgniter.php(507): CodeIgniter\CodeIgniter->runController(Object(App\Controllers\Akun))
11 SYSTEMPATH\CodeIgniter.php(354): CodeIgniter\CodeIgniter->handleRequest(null, Object(Config\Cache), false)
12 SYSTEMPATH\Boot.php(363): CodeIgniter\CodeIgniter->run()
13 SYSTEMPATH\Boot.php(68): CodeIgniter\Boot::runCodeIgniter(Object(CodeIgniter\CodeIgniter))
14 FCPATH\index.php(59): CodeIgniter\Boot::bootWeb(Object(Config\Paths))
15 SYSTEMPATH\rewrite.php(44): require_once('C:\\xampp\\htdocs\\rssstumpang.com\\public\\index.php')
DEBUG - 2025-07-05 09:13:49 --> Session: Class initialized using 'CodeIgniter\Session\Handlers\FileHandler' driver.
ERROR - 2025-07-05 09:14:00 --> mysqli_sql_exception: Column 'role' cannot be null in C:\xampp\htdocs\rssstumpang.com\system\Database\MySQLi\Connection.php:327
Stack trace:
#0 C:\xampp\htdocs\rssstumpang.com\system\Database\MySQLi\Connection.php(327): mysqli->query('INSERT INTO `us...', 0)
#1 C:\xampp\htdocs\rssstumpang.com\system\Database\BaseConnection.php(731): CodeIgniter\Database\MySQLi\Connection->execute('INSERT INTO `us...')
#2 C:\xampp\htdocs\rssstumpang.com\system\Database\BaseConnection.php(646): CodeIgniter\Database\BaseConnection->simpleQuery('INSERT INTO `us...')
#3 C:\xampp\htdocs\rssstumpang.com\system\Database\BaseBuilder.php(2345): CodeIgniter\Database\BaseConnection->query('INSERT INTO `us...', Array, false)
#4 C:\xampp\htdocs\rssstumpang.com\system\Model.php(394): CodeIgniter\Database\BaseBuilder->insert()
#5 C:\xampp\htdocs\rssstumpang.com\system\BaseModel.php(842): CodeIgniter\Model->doInsert(Array)
#6 C:\xampp\htdocs\rssstumpang.com\system\Model.php(799): CodeIgniter\BaseModel->insert(Array, true)
#7 C:\xampp\htdocs\rssstumpang.com\app\Controllers\Akun.php(71): CodeIgniter\Model->insert(Array)
#8 C:\xampp\htdocs\rssstumpang.com\system\CodeIgniter.php(933): App\Controllers\Akun->store()
#9 C:\xampp\htdocs\rssstumpang.com\system\CodeIgniter.php(507): CodeIgniter\CodeIgniter->runController(Object(App\Controllers\Akun))
#10 C:\xampp\htdocs\rssstumpang.com\system\CodeIgniter.php(354): CodeIgniter\CodeIgniter->handleRequest(NULL, Object(Config\Cache), false)
#11 C:\xampp\htdocs\rssstumpang.com\system\Boot.php(363): CodeIgniter\CodeIgniter->run()
#12 C:\xampp\htdocs\rssstumpang.com\system\Boot.php(68): CodeIgniter\Boot::runCodeIgniter(Object(CodeIgniter\CodeIgniter))
#13 C:\xampp\htdocs\rssstumpang.com\public\index.php(59): CodeIgniter\Boot::bootWeb(Object(Config\Paths))
#14 C:\xampp\htdocs\rssstumpang.com\system\rewrite.php(44): require_once('C:\\xampp\\htdocs...')
#15 {main}
CRITICAL - 2025-07-05 09:14:00 --> CodeIgniter\Database\Exceptions\DatabaseException: Column 'role' cannot be null
[Method: POST, Route: akun/store]
in SYSTEMPATH\Database\BaseConnection.php on line 686.
 1 SYSTEMPATH\Database\BaseBuilder.php(2345): CodeIgniter\Database\BaseConnection->query('INSERT INTO `users_login` (`id_user`, `nama_lengkap`, `username`, `password`, `role`, `last_active`) VALUES (:id_user:, :nama_lengkap:, :username:, :password:, :role:, :last_active:)', [...], false)
 2 SYSTEMPATH\Model.php(394): CodeIgniter\Database\BaseBuilder->insert()
 3 SYSTEMPATH\BaseModel.php(842): CodeIgniter\Model->doInsert([...])
 4 SYSTEMPATH\Model.php(799): CodeIgniter\BaseModel->insert([...], true)
 5 APPPATH\Controllers\Akun.php(71): CodeIgniter\Model->insert([...])
 6 SYSTEMPATH\CodeIgniter.php(933): App\Controllers\Akun->store()
 7 SYSTEMPATH\CodeIgniter.php(507): CodeIgniter\CodeIgniter->runController(Object(App\Controllers\Akun))
 8 SYSTEMPATH\CodeIgniter.php(354): CodeIgniter\CodeIgniter->handleRequest(null, Object(Config\Cache), false)
 9 SYSTEMPATH\Boot.php(363): CodeIgniter\CodeIgniter->run()
10 SYSTEMPATH\Boot.php(68): CodeIgniter\Boot::runCodeIgniter(Object(CodeIgniter\CodeIgniter))
11 FCPATH\index.php(59): CodeIgniter\Boot::bootWeb(Object(Config\Paths))
12 SYSTEMPATH\rewrite.php(44): require_once('C:\\xampp\\htdocs\\rssstumpang.com\\public\\index.php')
CRITICAL - 2025-07-05 09:14:00 --> [Caused by] CodeIgniter\Database\Exceptions\DatabaseException: Column 'role' cannot be null
in SYSTEMPATH\Database\MySQLi\Connection.php on line 332.
 1 SYSTEMPATH\Database\BaseConnection.php(731): CodeIgniter\Database\MySQLi\Connection->execute('INSERT INTO `users_login` (`id_user`, `nama_lengkap`, `username`, `password`, `role`, `last_active`) VALUES (\'d3cd6917-082b-4cbf-9dd3-4eb2820abacd\', \'\', \'\', \'$2y$10$LFUcOQ8syCvLEVOOXqxt7.RkduvTvRb9b4Yc95BvwqAgAS2b3n7lK\', NULL, NULL)')
 2 SYSTEMPATH\Database\BaseConnection.php(646): CodeIgniter\Database\BaseConnection->simpleQuery('INSERT INTO `users_login` (`id_user`, `nama_lengkap`, `username`, `password`, `role`, `last_active`) VALUES (\'d3cd6917-082b-4cbf-9dd3-4eb2820abacd\', \'\', \'\', \'$2y$10$LFUcOQ8syCvLEVOOXqxt7.RkduvTvRb9b4Yc95BvwqAgAS2b3n7lK\', NULL, NULL)')
 3 SYSTEMPATH\Database\BaseBuilder.php(2345): CodeIgniter\Database\BaseConnection->query('INSERT INTO `users_login` (`id_user`, `nama_lengkap`, `username`, `password`, `role`, `last_active`) VALUES (:id_user:, :nama_lengkap:, :username:, :password:, :role:, :last_active:)', [...], false)
 4 SYSTEMPATH\Model.php(394): CodeIgniter\Database\BaseBuilder->insert()
 5 SYSTEMPATH\BaseModel.php(842): CodeIgniter\Model->doInsert([...])
 6 SYSTEMPATH\Model.php(799): CodeIgniter\BaseModel->insert([...], true)
 7 APPPATH\Controllers\Akun.php(71): CodeIgniter\Model->insert([...])
 8 SYSTEMPATH\CodeIgniter.php(933): App\Controllers\Akun->store()
 9 SYSTEMPATH\CodeIgniter.php(507): CodeIgniter\CodeIgniter->runController(Object(App\Controllers\Akun))
10 SYSTEMPATH\CodeIgniter.php(354): CodeIgniter\CodeIgniter->handleRequest(null, Object(Config\Cache), false)
11 SYSTEMPATH\Boot.php(363): CodeIgniter\CodeIgniter->run()
12 SYSTEMPATH\Boot.php(68): CodeIgniter\Boot::runCodeIgniter(Object(CodeIgniter\CodeIgniter))
13 FCPATH\index.php(59): CodeIgniter\Boot::bootWeb(Object(Config\Paths))
14 SYSTEMPATH\rewrite.php(44): require_once('C:\\xampp\\htdocs\\rssstumpang.com\\public\\index.php')
CRITICAL - 2025-07-05 09:14:00 --> [Caused by] mysqli_sql_exception: Column 'role' cannot be null
in SYSTEMPATH\Database\MySQLi\Connection.php on line 327.
 1 SYSTEMPATH\Database\MySQLi\Connection.php(327): mysqli->query('INSERT INTO `users_login` (`id_user`, `nama_lengkap`, `username`, `password`, `role`, `last_active`) VALUES (\'d3cd6917-082b-4cbf-9dd3-4eb2820abacd\', \'\', \'\', \'$2y$10$LFUcOQ8syCvLEVOOXqxt7.RkduvTvRb9b4Yc95BvwqAgAS2b3n7lK\', NULL, NULL)', 0)
 2 SYSTEMPATH\Database\BaseConnection.php(731): CodeIgniter\Database\MySQLi\Connection->execute('INSERT INTO `users_login` (`id_user`, `nama_lengkap`, `username`, `password`, `role`, `last_active`) VALUES (\'d3cd6917-082b-4cbf-9dd3-4eb2820abacd\', \'\', \'\', \'$2y$10$LFUcOQ8syCvLEVOOXqxt7.RkduvTvRb9b4Yc95BvwqAgAS2b3n7lK\', NULL, NULL)')
 3 SYSTEMPATH\Database\BaseConnection.php(646): CodeIgniter\Database\BaseConnection->simpleQuery('INSERT INTO `users_login` (`id_user`, `nama_lengkap`, `username`, `password`, `role`, `last_active`) VALUES (\'d3cd6917-082b-4cbf-9dd3-4eb2820abacd\', \'\', \'\', \'$2y$10$LFUcOQ8syCvLEVOOXqxt7.RkduvTvRb9b4Yc95BvwqAgAS2b3n7lK\', NULL, NULL)')
 4 SYSTEMPATH\Database\BaseBuilder.php(2345): CodeIgniter\Database\BaseConnection->query('INSERT INTO `users_login` (`id_user`, `nama_lengkap`, `username`, `password`, `role`, `last_active`) VALUES (:id_user:, :nama_lengkap:, :username:, :password:, :role:, :last_active:)', [...], false)
 5 SYSTEMPATH\Model.php(394): CodeIgniter\Database\BaseBuilder->insert()
 6 SYSTEMPATH\BaseModel.php(842): CodeIgniter\Model->doInsert([...])
 7 SYSTEMPATH\Model.php(799): CodeIgniter\BaseModel->insert([...], true)
 8 APPPATH\Controllers\Akun.php(71): CodeIgniter\Model->insert([...])
 9 SYSTEMPATH\CodeIgniter.php(933): App\Controllers\Akun->store()
10 SYSTEMPATH\CodeIgniter.php(507): CodeIgniter\CodeIgniter->runController(Object(App\Controllers\Akun))
11 SYSTEMPATH\CodeIgniter.php(354): CodeIgniter\CodeIgniter->handleRequest(null, Object(Config\Cache), false)
12 SYSTEMPATH\Boot.php(363): CodeIgniter\CodeIgniter->run()
13 SYSTEMPATH\Boot.php(68): CodeIgniter\Boot::runCodeIgniter(Object(CodeIgniter\CodeIgniter))
14 FCPATH\index.php(59): CodeIgniter\Boot::bootWeb(Object(Config\Paths))
15 SYSTEMPATH\rewrite.php(44): require_once('C:\\xampp\\htdocs\\rssstumpang.com\\public\\index.php')
DEBUG - 2025-07-05 09:14:31 --> Session: Class initialized using 'CodeIgniter\Session\Handlers\FileHandler' driver.
DEBUG - 2025-07-05 09:15:07 --> Session: Class initialized using 'CodeIgniter\Session\Handlers\FileHandler' driver.
DEBUG - 2025-07-05 09:15:16 --> Session: Class initialized using 'CodeIgniter\Session\Handlers\FileHandler' driver.
DEBUG - 2025-07-05 09:16:13 --> Session: Class initialized using 'CodeIgniter\Session\Handlers\FileHandler' driver.
DEBUG - 2025-07-05 09:16:32 --> Session: Class initialized using 'CodeIgniter\Session\Handlers\FileHandler' driver.
DEBUG - 2025-07-05 09:17:37 --> Session: Class initialized using 'CodeIgniter\Session\Handlers\FileHandler' driver.
DEBUG - 2025-07-05 09:18:08 --> Session: Class initialized using 'CodeIgniter\Session\Handlers\FileHandler' driver.
DEBUG - 2025-07-05 09:19:36 --> Session: Class initialized using 'CodeIgniter\Session\Handlers\FileHandler' driver.
DEBUG - 2025-07-05 09:22:21 --> Session: Class initialized using 'CodeIgniter\Session\Handlers\FileHandler' driver.
DEBUG - 2025-07-05 09:22:36 --> Session: Class initialized using 'CodeIgniter\Session\Handlers\FileHandler' driver.
DEBUG - 2025-07-05 09:24:21 --> Session: Class initialized using 'CodeIgniter\Session\Handlers\FileHandler' driver.
DEBUG - 2025-07-05 09:25:32 --> Session: Class initialized using 'CodeIgniter\Session\Handlers\FileHandler' driver.
DEBUG - 2025-07-05 09:26:58 --> Session: Class initialized using 'CodeIgniter\Session\Handlers\FileHandler' driver.
DEBUG - 2025-07-05 09:27:24 --> Session: Class initialized using 'CodeIgniter\Session\Handlers\FileHandler' driver.
DEBUG - 2025-07-05 09:28:15 --> Session: Class initialized using 'CodeIgniter\Session\Handlers\FileHandler' driver.
DEBUG - 2025-07-05 09:28:38 --> Session: Class initialized using 'CodeIgniter\Session\Handlers\FileHandler' driver.
DEBUG - 2025-07-05 09:28:38 --> Session: Class initialized using 'CodeIgniter\Session\Handlers\FileHandler' driver.
DEBUG - 2025-07-05 09:28:58 --> Session: Class initialized using 'CodeIgniter\Session\Handlers\FileHandler' driver.
DEBUG - 2025-07-05 09:45:10 --> Session: Class initialized using 'CodeIgniter\Session\Handlers\FileHandler' driver.
DEBUG - 2025-07-05 09:45:12 --> Session: Class initialized using 'CodeIgniter\Session\Handlers\FileHandler' driver.
DEBUG - 2025-07-05 09:45:24 --> Session: Class initialized using 'CodeIgniter\Session\Handlers\FileHandler' driver.
DEBUG - 2025-07-05 09:51:56 --> Session: Class initialized using 'CodeIgniter\Session\Handlers\FileHandler' driver.
DEBUG - 2025-07-05 09:52:09 --> Session: Class initialized using 'CodeIgniter\Session\Handlers\FileHandler' driver.
DEBUG - 2025-07-05 09:52:43 --> Session: Class initialized using 'CodeIgniter\Session\Handlers\FileHandler' driver.
DEBUG - 2025-07-05 09:52:43 --> Session: Class initialized using 'CodeIgniter\Session\Handlers\FileHandler' driver.
DEBUG - 2025-07-05 09:52:49 --> Session: Class initialized using 'CodeIgniter\Session\Handlers\FileHandler' driver.
DEBUG - 2025-07-05 09:52:49 --> Session: Class initialized using 'CodeIgniter\Session\Handlers\FileHandler' driver.
DEBUG - 2025-07-05 09:54:09 --> Session: Class initialized using 'CodeIgniter\Session\Handlers\FileHandler' driver.
